#
# There is insufficient memory for the Java Runtime Environment to continue.
# Native memory allocation (malloc) failed to allocate 985792 bytes for Chunk::new
# Possible reasons:
#   The system is out of physical RAM or swap space
#   The process is running with CompressedOops enabled, and the Java Heap may be blocking the growth of the native heap
# Possible solutions:
#   Reduce memory load on the system
#   Increase physical memory or swap space
#   Check if swap backing store is full
#   Decrease Java heap size (-Xmx/-Xms)
#   Decrease number of Java threads
#   Decrease Java thread stack sizes (-Xss)
#   Set larger code cache with -XX:ReservedCodeCacheSize=
#   JVM is running with Unscaled Compressed Oops mode in which the Java heap is
#     placed in the first 4GB address space. The Java Heap base address is the
#     maximum limit for the native heap growth. Please use -XX:HeapBaseMinAddress
#     to set the Java Heap base and to place the Java Heap above 4GB virtual address.
# This output file may be truncated or incomplete.
#
#  Out of Memory Error (arena.cpp:191), pid=48696, tid=69100
#
# JRE version: OpenJDK Runtime Environment Temurin-17.0.10+7 (17.0.10+7) (build 17.0.10+7)
# Java VM: OpenJDK 64-Bit Server VM Temurin-17.0.10+7 (17.0.10+7, mixed mode, tiered, compressed oops, compressed class ptrs, parallel gc, windows-amd64)
# No core dump will be written. Minidumps are not enabled by default on client versions of Windows
#

---------------  S U M M A R Y ------------

Command Line: --add-modules=ALL-SYSTEM --add-opens=java.base/java.util=ALL-UNNAMED --add-opens=java.base/java.lang=ALL-UNNAMED --add-opens=java.base/sun.nio.fs=ALL-UNNAMED -Declipse.application=org.eclipse.jdt.ls.core.id1 -Dosgi.bundles.defaultStartLevel=4 -Declipse.product=org.eclipse.jdt.ls.core.product -Djava.import.generatesMetadataFilesAtProjectRoot=false -DDetectVMInstallationsJob.disabled=true -Dfile.encoding=utf8 -XX:+UseParallelGC -XX:GCTimeRatio=4 -XX:AdaptiveSizePolicyWeight=90 -Dsun.zip.disableMemoryMapping=true -Xmx1G -Xms100m -Xlog:disable -javaagent:c:\Users\bayue\.vscode\extensions\redhat.java-1.28.1-win32-x64\lombok\lombok-1.18.31.jar -XX:+HeapDumpOnOutOfMemoryError -XX:HeapDumpPath=c:\Users\bayue\AppData\Roaming\Code\User\workspaceStorage\9b8ffb29b693dbc440553711cef8df64\redhat.java -Daether.dependencyCollector.impl=bf c:\Users\bayue\.vscode\extensions\redhat.java-1.28.1-win32-x64\server\plugins\org.eclipse.equinox.launcher_1.6.700.v20231214-2017.jar -configuration c:\Users\bayue\AppData\Roaming\Code\User\globalStorage\redhat.java\1.28.1\config_win -data c:\Users\bayue\AppData\Roaming\Code\User\workspaceStorage\9b8ffb29b693dbc440553711cef8df64\redhat.java\jdt_ws --stdio

Host: 11th Gen Intel(R) Core(TM) i7-1165G7 @ 2.80GHz, 8 cores, 15G,  Windows 11 , 64 bit Build 22621 (10.0.22621.2506)
Time: Fri Feb 16 11:19:58 2024 SE Asia Standard Time elapsed time: 11.537730 seconds (0d 0h 0m 11s)

---------------  T H R E A D  ---------------

Current thread (0x000002369e69df80):  JavaThread "C2 CompilerThread0" daemon [_thread_in_native, id=69100, stack(0x000000e67d700000,0x000000e67d800000)]


Current CompileTask:
C2:  11537 7403   !   4       org.eclipse.jdt.internal.compiler.classfmt.ClassFileReader::<init> (2113 bytes)

Stack: [0x000000e67d700000,0x000000e67d800000]
Native frames: (J=compiled Java code, j=interpreted, Vv=VM code, C=native code)
V  [jvm.dll+0x67d2c9]
V  [jvm.dll+0x834afa]
V  [jvm.dll+0x8365be]
V  [jvm.dll+0x836c23]
V  [jvm.dll+0x2477ff]
V  [jvm.dll+0xac514]
V  [jvm.dll+0xacb5c]
V  [jvm.dll+0x3667d7]
V  [jvm.dll+0x1bcd86]
V  [jvm.dll+0x21a049]
V  [jvm.dll+0x219311]
V  [jvm.dll+0x1a502d]
V  [jvm.dll+0x2290de]
V  [jvm.dll+0x2272ac]
V  [jvm.dll+0x7e9bb7]
V  [jvm.dll+0x7e3fba]
V  [jvm.dll+0x67c1b5]
C  [ucrtbase.dll+0x29363]
C  [KERNEL32.DLL+0x1257d]
C  [ntdll.dll+0x5aa58]


---------------  P R O C E S S  ---------------

Threads class SMR info:
_java_thread_list=0x00000236a90909c0, length=34, elements={
0x000002368a81c8b0, 0x00000236a37d5020, 0x000002369e68c380, 0x000002369e699500,
0x000002369e69bde0, 0x000002369e69c8b0, 0x000002369e69d380, 0x000002369e69df80,
0x00000236a383fde0, 0x00000236a386e600, 0x00000236a3927270, 0x00000236a3b3f410,
0x00000236a52087f0, 0x00000236a53055b0, 0x00000236a57d3a70, 0x00000236a59a6320,
0x00000236a59a8ba0, 0x00000236a59a7250, 0x00000236a59a6830, 0x00000236a59a6d40,
0x00000236a59a7760, 0x00000236a5e70730, 0x00000236a59a7c70, 0x00000236a59a95c0,
0x00000236a67604d0, 0x00000236a6763260, 0x00000236a67609e0, 0x00000236a6761400,
0x00000236a6766500, 0x00000236a6761e20, 0x00000236a6763770, 0x00000236a6761910,
0x00000236a6765ff0, 0x00000236a6767940
}

Java Threads: ( => current thread )
  0x000002368a81c8b0 JavaThread "main" [_thread_blocked, id=32176, stack(0x000000e67ce00000,0x000000e67cf00000)]
  0x00000236a37d5020 JavaThread "Reference Handler" daemon [_thread_blocked, id=62592, stack(0x000000e67d100000,0x000000e67d200000)]
  0x000002369e68c380 JavaThread "Finalizer" daemon [_thread_blocked, id=69488, stack(0x000000e67d200000,0x000000e67d300000)]
  0x000002369e699500 JavaThread "Signal Dispatcher" daemon [_thread_blocked, id=67956, stack(0x000000e67d300000,0x000000e67d400000)]
  0x000002369e69bde0 JavaThread "Attach Listener" daemon [_thread_blocked, id=64324, stack(0x000000e67d400000,0x000000e67d500000)]
  0x000002369e69c8b0 JavaThread "Service Thread" daemon [_thread_blocked, id=20908, stack(0x000000e67d500000,0x000000e67d600000)]
  0x000002369e69d380 JavaThread "Monitor Deflation Thread" daemon [_thread_blocked, id=61364, stack(0x000000e67d600000,0x000000e67d700000)]
=>0x000002369e69df80 JavaThread "C2 CompilerThread0" daemon [_thread_in_native, id=69100, stack(0x000000e67d700000,0x000000e67d800000)]
  0x00000236a383fde0 JavaThread "C1 CompilerThread0" daemon [_thread_blocked, id=58940, stack(0x000000e67d800000,0x000000e67d900000)]
  0x00000236a386e600 JavaThread "Sweeper thread" daemon [_thread_blocked, id=60548, stack(0x000000e67d900000,0x000000e67da00000)]
  0x00000236a3927270 JavaThread "Common-Cleaner" daemon [_thread_blocked, id=64104, stack(0x000000e67da00000,0x000000e67db00000)]
  0x00000236a3b3f410 JavaThread "Notification Thread" daemon [_thread_blocked, id=50916, stack(0x000000e67dd00000,0x000000e67de00000)]
  0x00000236a52087f0 JavaThread "Active Thread: Equinox Container: 38ce090c-e887-4c91-b34b-d47d95ccfd57" [_thread_blocked, id=63292, stack(0x000000e67e500000,0x000000e67e600000)]
  0x00000236a53055b0 JavaThread "Framework Event Dispatcher: Equinox Container: 38ce090c-e887-4c91-b34b-d47d95ccfd57" daemon [_thread_blocked, id=32864, stack(0x000000e67e600000,0x000000e67e700000)]
  0x00000236a57d3a70 JavaThread "Start Level: Equinox Container: 38ce090c-e887-4c91-b34b-d47d95ccfd57" daemon [_thread_blocked, id=68136, stack(0x000000e67e700000,0x000000e67e800000)]
  0x00000236a59a6320 JavaThread "Bundle File Closer" daemon [_thread_blocked, id=57176, stack(0x000000e67e900000,0x000000e67ea00000)]
  0x00000236a59a8ba0 JavaThread "SCR Component Actor" daemon [_thread_blocked, id=59800, stack(0x000000e67ea00000,0x000000e67eb00000)]
  0x00000236a59a7250 JavaThread "Worker-JM" [_thread_blocked, id=20496, stack(0x000000e67ec00000,0x000000e67ed00000)]
  0x00000236a59a6830 JavaThread "Worker-0" [_thread_blocked, id=58476, stack(0x000000e67ed00000,0x000000e67ee00000)]
  0x00000236a59a6d40 JavaThread "Worker-1" [_thread_blocked, id=67200, stack(0x000000e67ee00000,0x000000e67ef00000)]
  0x00000236a59a7760 JavaThread "Java indexing" daemon [_thread_in_Java, id=69224, stack(0x000000e67db00000,0x000000e67dc00000)]
  0x00000236a5e70730 JavaThread "C2 CompilerThread1" daemon [_thread_in_native, id=48376, stack(0x000000e67ef00000,0x000000e67f000000)]
  0x00000236a59a7c70 JavaThread "Worker-2: Java indexing... " [_thread_blocked, id=40052, stack(0x000000e67f000000,0x000000e67f100000)]
  0x00000236a59a95c0 JavaThread "JNA Cleaner" daemon [_thread_blocked, id=51632, stack(0x000000e67f100000,0x000000e67f200000)]
  0x00000236a67604d0 JavaThread "Worker-3: Initialize Workspace" [_thread_in_native, id=69044, stack(0x000000e67f200000,0x000000e67f300000)]
  0x00000236a6763260 JavaThread "pool-2-thread-1" [_thread_blocked, id=58752, stack(0x000000e67f300000,0x000000e67f400000)]
  0x00000236a67609e0 JavaThread "WorkspaceEventsHandler" [_thread_blocked, id=67792, stack(0x000000e67f500000,0x000000e67f600000)]
  0x00000236a6761400 JavaThread "pool-1-thread-1" [_thread_blocked, id=52040, stack(0x000000e67f600000,0x000000e67f700000)]
  0x00000236a6766500 JavaThread "Timer-0" [_thread_blocked, id=69364, stack(0x000000e67f700000,0x000000e67f800000)]
  0x00000236a6761e20 JavaThread "Worker-4" [_thread_blocked, id=21464, stack(0x000000e67eb00000,0x000000e67ec00000)]
  0x00000236a6763770 JavaThread "Exec process" [_thread_blocked, id=55928, stack(0x000000e67f400000,0x000000e67f500000)]
  0x00000236a6761910 JavaThread "Exec process Thread 2" [_thread_blocked, id=53264, stack(0x000000e67f900000,0x000000e67fa00000)]
  0x00000236a6765ff0 JavaThread "Exec process Thread 3" [_thread_blocked, id=47944, stack(0x000000e67fa00000,0x000000e67fb00000)]
  0x00000236a6767940 JavaThread "Timer-1" [_thread_blocked, id=43136, stack(0x000000e67f800000,0x000000e67f900000)]

Other Threads:
  0x00000236a37c14b0 VMThread "VM Thread" [stack: 0x000000e67d000000,0x000000e67d100000] [id=69588]
  0x00000236a3b3f8f0 WatcherThread [stack: 0x000000e67de00000,0x000000e67df00000] [id=70372]
  0x000002368a833430 GCTaskThread "GC Thread#0" [stack: 0x000000e67cf00000,0x000000e67d000000] [id=65460]
  0x00000236a5168090 GCTaskThread "GC Thread#1" [stack: 0x000000e67df00000,0x000000e67e000000] [id=59068]
  0x00000236a5168750 GCTaskThread "GC Thread#2" [stack: 0x000000e67e000000,0x000000e67e100000] [id=58428]
  0x00000236a5168a10 GCTaskThread "GC Thread#3" [stack: 0x000000e67e100000,0x000000e67e200000] [id=70332]
  0x00000236a5168cd0 GCTaskThread "GC Thread#4" [stack: 0x000000e67e200000,0x000000e67e300000] [id=57976]
  0x00000236a515db50 GCTaskThread "GC Thread#5" [stack: 0x000000e67e300000,0x000000e67e400000] [id=69048]
  0x00000236a515de10 GCTaskThread "GC Thread#6" [stack: 0x000000e67e400000,0x000000e67e500000] [id=68104]
  0x00000236886fadd0 GCTaskThread "GC Thread#7" [stack: 0x000000e67e800000,0x000000e67e900000] [id=70432]

Threads with active compile tasks:
C2 CompilerThread0    11564 7403   !   4       org.eclipse.jdt.internal.compiler.classfmt.ClassFileReader::<init> (2113 bytes)
C2 CompilerThread1    11564 7412       4       org.eclipse.jdt.internal.core.search.indexing.BinaryIndexer::extractReferenceFromConstantPool (351 bytes)

VM state: not at safepoint (normal execution)

VM Mutex/Monitor currently owned by a thread: None

Heap address: 0x00000000c0000000, size: 1024 MB, Compressed Oops mode: 32-bit

CDS archive(s) not mapped
Compressed class space mapped at: 0x0000000100000000-0x0000000140000000, reserved size: 1073741824
Narrow klass base: 0x0000000000000000, Narrow klass shift: 3, Narrow klass range: 0x140000000

GC Precious Log:
 CPUs: 8 total, 8 available
 Memory: 16167M
 Large Page Support: Disabled
 NUMA Support: Disabled
 Compressed Oops: Enabled (32-bit)
 Alignments: Space 512K, Generation 512K, Heap 2M
 Heap Min Capacity: 100M
 Heap Initial Capacity: 100M
 Heap Max Capacity: 1G
 Pre-touch: Disabled
 Parallel Workers: 8

Heap:
 PSYoungGen      total 22528K, used 14079K [0x00000000eab00000, 0x00000000ec500000, 0x0000000100000000)
  eden space 20480K, 59% used [0x00000000eab00000,0x00000000eb6dae30,0x00000000ebf00000)
  from space 2048K, 94% used [0x00000000ebf00000,0x00000000ec0e5168,0x00000000ec100000)
  to   space 3072K, 0% used [0x00000000ec200000,0x00000000ec200000,0x00000000ec500000)
 ParOldGen       total 68608K, used 55862K [0x00000000c0000000, 0x00000000c4300000, 0x00000000eab00000)
  object space 68608K, 81% used [0x00000000c0000000,0x00000000c368da28,0x00000000c4300000)
 Metaspace       used 61406K, committed 62464K, reserved 1114112K
  class space    used 7047K, committed 7488K, reserved 1048576K

Card table byte_map: [0x000002368a1d0000,0x000002368a3e0000] _byte_map_base: 0x0000023689bd0000

Marking Bits: (ParMarkBitMap*) 0x00007ffd5a08d7d0
 Begin Bits: [0x000002369c4a0000, 0x000002369d4a0000)
 End Bits:   [0x000002369d4a0000, 0x000002369e4a0000)

Polling page: 0x0000023689fc0000

Metaspace:

Usage:
  Non-class:     53.08 MB used.
      Class:      6.88 MB used.
       Both:     59.97 MB used.

Virtual space:
  Non-class space:       64.00 MB reserved,      53.69 MB ( 84%) committed,  1 nodes.
      Class space:        1.00 GB reserved,       7.31 MB ( <1%) committed,  1 nodes.
             Both:        1.06 GB reserved,      61.00 MB (  6%) committed. 

Chunk freelists:
   Non-Class:  9.86 MB
       Class:  8.72 MB
        Both:  18.58 MB

MaxMetaspaceSize: unlimited
CompressedClassSpaceSize: 1.00 GB
Initial GC threshold: 21.00 MB
Current GC threshold: 97.31 MB
CDS: off
MetaspaceReclaimPolicy: balanced
 - commit_granule_bytes: 65536.
 - commit_granule_words: 8192.
 - virtual_space_node_default_size: 8388608.
 - enlarge_chunks_in_place: 1.
 - new_chunks_are_fully_committed: 0.
 - uncommit_free_chunks: 1.
 - use_allocation_guard: 0.
 - handle_deallocations: 1.


Internal statistics:

num_allocs_failed_limit: 9.
num_arena_births: 528.
num_arena_deaths: 14.
num_vsnodes_births: 2.
num_vsnodes_deaths: 0.
num_space_committed: 976.
num_space_uncommitted: 0.
num_chunks_returned_to_freelist: 23.
num_chunks_taken_from_freelist: 2820.
num_chunk_merges: 11.
num_chunk_splits: 1840.
num_chunks_enlarged: 1211.
num_inconsistent_stats: 0.

CodeHeap 'non-profiled nmethods': size=120000Kb used=4594Kb max_used=4594Kb free=115405Kb
 bounds [0x0000023694f70000, 0x00000236953f0000, 0x000002369c4a0000]
CodeHeap 'profiled nmethods': size=120000Kb used=13512Kb max_used=13512Kb free=106488Kb
 bounds [0x000002368d4a0000, 0x000002368e1e0000, 0x00000236949d0000]
CodeHeap 'non-nmethods': size=5760Kb used=1317Kb max_used=1377Kb free=4442Kb
 bounds [0x00000236949d0000, 0x0000023694c40000, 0x0000023694f70000]
 total_blobs=7249 nmethods=6613 adapters=550
 compilation: enabled
              stopped_count=0, restarted_count=0
 full_count=0

Compilation events (20 events):
Event: 11.420 Thread 0x00000236a5e70730 nmethod 7374 0x00000236953eb910 code [0x00000236953ebaa0, 0x00000236953ebe58]
Event: 11.421 Thread 0x00000236a5e70730 7404       4       org.eclipse.jdt.internal.core.search.indexing.BinaryIndexer::extractName (42 bytes)
Event: 11.423 Thread 0x00000236a383fde0 7410       3       org.eclipse.jdt.internal.compiler.util.Util::scanIdentifier (71 bytes)
Event: 11.423 Thread 0x00000236a383fde0 nmethod 7410 0x000002368e1cc490 code [0x000002368e1cc660, 0x000002368e1cca28]
Event: 11.425 Thread 0x00000236a383fde0 7411       3       java.lang.StringBuilder::getChars (10 bytes)
Event: 11.425 Thread 0x00000236a383fde0 nmethod 7411 0x000002368e1ccb90 code [0x000002368e1ccd20, 0x000002368e1cce68]
Event: 11.425 Thread 0x00000236a5e70730 nmethod 7404 0x00000236953ebf90 code [0x00000236953ec140, 0x00000236953ec638]
Event: 11.425 Thread 0x00000236a5e70730 7412       4       org.eclipse.jdt.internal.core.search.indexing.BinaryIndexer::extractReferenceFromConstantPool (351 bytes)
Event: 11.425 Thread 0x00000236a383fde0 7413       3       java.lang.AbstractStringBuilder::getChars (61 bytes)
Event: 11.426 Thread 0x00000236a383fde0 nmethod 7413 0x000002368e1ccf10 code [0x000002368e1cd100, 0x000002368e1cd478]
Event: 11.427 Thread 0x00000236a383fde0 7414       3       org.eclipse.jdt.internal.compiler.classfmt.ClassFileReader::getConstantClassNameAt (33 bytes)
Event: 11.427 Thread 0x00000236a383fde0 nmethod 7414 0x000002368e1cd610 code [0x000002368e1cd7e0, 0x000002368e1cdc68]
Event: 11.432 Thread 0x00000236a383fde0 7415   !   3       java.nio.channels.Channels$ReadableByteChannelImpl::read (195 bytes)
Event: 11.433 Thread 0x00000236a383fde0 nmethod 7415 0x000002368e1cde90 code [0x000002368e1ce100, 0x000002368e1cee48]
Event: 11.439 Thread 0x00000236a383fde0 7416       3       org.eclipse.jdt.internal.compiler.classfmt.AnnotationInfo::<init> (32 bytes)
Event: 11.439 Thread 0x00000236a383fde0 nmethod 7416 0x000002368e1cf390 code [0x000002368e1cf560, 0x000002368e1cf8d8]
Event: 11.442 Thread 0x00000236a383fde0 7417       3       org.eclipse.jdt.core.Signature::toCharArray (83 bytes)
Event: 11.442 Thread 0x00000236a383fde0 nmethod 7417 0x000002368e1cfa90 code [0x000002368e1cfca0, 0x000002368e1d02a8]
Event: 11.443 Thread 0x00000236a383fde0 7418       3       org.eclipse.jdt.core.Signature::appendTypeSignature (513 bytes)
Event: 11.444 Thread 0x00000236a383fde0 nmethod 7418 0x000002368e1d0510 code [0x000002368e1d08c0, 0x000002368e1d19b8]

GC Heap History (20 events):
Event: 8.976 GC heap before
{Heap before GC invocations=29 (full 2):
 PSYoungGen      total 23040K, used 22880K [0x00000000eab00000, 0x00000000ec500000, 0x0000000100000000)
  eden space 21504K, 100% used [0x00000000eab00000,0x00000000ec000000,0x00000000ec000000)
  from space 1536K, 89% used [0x00000000ec380000,0x00000000ec4d8020,0x00000000ec500000)
  to   space 2048K, 0% used [0x00000000ec100000,0x00000000ec100000,0x00000000ec300000)
 ParOldGen       total 68608K, used 44631K [0x00000000c0000000, 0x00000000c4300000, 0x00000000eab00000)
  object space 68608K, 65% used [0x00000000c0000000,0x00000000c2b95f00,0x00000000c4300000)
 Metaspace       used 56302K, committed 57216K, reserved 1114112K
  class space    used 6270K, committed 6656K, reserved 1048576K
}
Event: 8.978 GC heap after
{Heap after GC invocations=29 (full 2):
 PSYoungGen      total 23552K, used 2040K [0x00000000eab00000, 0x00000000ecd00000, 0x0000000100000000)
  eden space 21504K, 0% used [0x00000000eab00000,0x00000000eab00000,0x00000000ec000000)
  from space 2048K, 99% used [0x00000000ec100000,0x00000000ec2fe3a8,0x00000000ec300000)
  to   space 6656K, 0% used [0x00000000ec680000,0x00000000ec680000,0x00000000ecd00000)
 ParOldGen       total 68608K, used 48326K [0x00000000c0000000, 0x00000000c4300000, 0x00000000eab00000)
  object space 68608K, 70% used [0x00000000c0000000,0x00000000c2f31958,0x00000000c4300000)
 Metaspace       used 56302K, committed 57216K, reserved 1114112K
  class space    used 6270K, committed 6656K, reserved 1048576K
}
Event: 9.069 GC heap before
{Heap before GC invocations=30 (full 2):
 PSYoungGen      total 23552K, used 23544K [0x00000000eab00000, 0x00000000ecd00000, 0x0000000100000000)
  eden space 21504K, 100% used [0x00000000eab00000,0x00000000ec000000,0x00000000ec000000)
  from space 2048K, 99% used [0x00000000ec100000,0x00000000ec2fe3a8,0x00000000ec300000)
  to   space 6656K, 0% used [0x00000000ec680000,0x00000000ec680000,0x00000000ecd00000)
 ParOldGen       total 68608K, used 48326K [0x00000000c0000000, 0x00000000c4300000, 0x00000000eab00000)
  object space 68608K, 70% used [0x00000000c0000000,0x00000000c2f31958,0x00000000c4300000)
 Metaspace       used 56435K, committed 57408K, reserved 1114112K
  class space    used 6301K, committed 6656K, reserved 1048576K
}
Event: 9.071 GC heap after
{Heap after GC invocations=30 (full 2):
 PSYoungGen      total 24064K, used 2245K [0x00000000eab00000, 0x00000000ec900000, 0x0000000100000000)
  eden space 21504K, 0% used [0x00000000eab00000,0x00000000eab00000,0x00000000ec000000)
  from space 2560K, 87% used [0x00000000ec680000,0x00000000ec8b1530,0x00000000ec900000)
  to   space 3584K, 0% used [0x00000000ec200000,0x00000000ec200000,0x00000000ec580000)
 ParOldGen       total 68608K, used 50346K [0x00000000c0000000, 0x00000000c4300000, 0x00000000eab00000)
  object space 68608K, 73% used [0x00000000c0000000,0x00000000c312aa78,0x00000000c4300000)
 Metaspace       used 56435K, committed 57408K, reserved 1114112K
  class space    used 6301K, committed 6656K, reserved 1048576K
}
Event: 9.134 GC heap before
{Heap before GC invocations=31 (full 2):
 PSYoungGen      total 24064K, used 23749K [0x00000000eab00000, 0x00000000ec900000, 0x0000000100000000)
  eden space 21504K, 100% used [0x00000000eab00000,0x00000000ec000000,0x00000000ec000000)
  from space 2560K, 87% used [0x00000000ec680000,0x00000000ec8b1530,0x00000000ec900000)
  to   space 3584K, 0% used [0x00000000ec200000,0x00000000ec200000,0x00000000ec580000)
 ParOldGen       total 68608K, used 50346K [0x00000000c0000000, 0x00000000c4300000, 0x00000000eab00000)
  object space 68608K, 73% used [0x00000000c0000000,0x00000000c312aa78,0x00000000c4300000)
 Metaspace       used 56842K, committed 57792K, reserved 1114112K
  class space    used 6366K, committed 6720K, reserved 1048576K
}
Event: 9.137 GC heap after
{Heap after GC invocations=31 (full 2):
 PSYoungGen      total 23552K, used 1856K [0x00000000eab00000, 0x00000000ec700000, 0x0000000100000000)
  eden space 21504K, 0% used [0x00000000eab00000,0x00000000eab00000,0x00000000ec000000)
  from space 2048K, 90% used [0x00000000ec200000,0x00000000ec3d0010,0x00000000ec400000)
  to   space 2560K, 0% used [0x00000000ec480000,0x00000000ec480000,0x00000000ec700000)
 ParOldGen       total 68608K, used 52290K [0x00000000c0000000, 0x00000000c4300000, 0x00000000eab00000)
  object space 68608K, 76% used [0x00000000c0000000,0x00000000c33109c8,0x00000000c4300000)
 Metaspace       used 56842K, committed 57792K, reserved 1114112K
  class space    used 6366K, committed 6720K, reserved 1048576K
}
Event: 9.246 GC heap before
{Heap before GC invocations=32 (full 2):
 PSYoungGen      total 23552K, used 23360K [0x00000000eab00000, 0x00000000ec700000, 0x0000000100000000)
  eden space 21504K, 100% used [0x00000000eab00000,0x00000000ec000000,0x00000000ec000000)
  from space 2048K, 90% used [0x00000000ec200000,0x00000000ec3d0010,0x00000000ec400000)
  to   space 2560K, 0% used [0x00000000ec480000,0x00000000ec480000,0x00000000ec700000)
 ParOldGen       total 68608K, used 52290K [0x00000000c0000000, 0x00000000c4300000, 0x00000000eab00000)
  object space 68608K, 76% used [0x00000000c0000000,0x00000000c33109c8,0x00000000c4300000)
 Metaspace       used 57706K, committed 58688K, reserved 1114112K
  class space    used 6515K, committed 6912K, reserved 1048576K
}
Event: 9.248 GC heap after
{Heap after GC invocations=32 (full 2):
 PSYoungGen      total 23552K, used 1698K [0x00000000eab00000, 0x00000000ec680000, 0x0000000100000000)
  eden space 21504K, 0% used [0x00000000eab00000,0x00000000eab00000,0x00000000ec000000)
  from space 2048K, 82% used [0x00000000ec480000,0x00000000ec628870,0x00000000ec680000)
  to   space 2048K, 0% used [0x00000000ec200000,0x00000000ec200000,0x00000000ec400000)
 ParOldGen       total 68608K, used 54026K [0x00000000c0000000, 0x00000000c4300000, 0x00000000eab00000)
  object space 68608K, 78% used [0x00000000c0000000,0x00000000c34c29d8,0x00000000c4300000)
 Metaspace       used 57706K, committed 58688K, reserved 1114112K
  class space    used 6515K, committed 6912K, reserved 1048576K
}
Event: 9.343 GC heap before
{Heap before GC invocations=33 (full 2):
 PSYoungGen      total 23552K, used 23202K [0x00000000eab00000, 0x00000000ec680000, 0x0000000100000000)
  eden space 21504K, 100% used [0x00000000eab00000,0x00000000ec000000,0x00000000ec000000)
  from space 2048K, 82% used [0x00000000ec480000,0x00000000ec628870,0x00000000ec680000)
  to   space 2048K, 0% used [0x00000000ec200000,0x00000000ec200000,0x00000000ec400000)
 ParOldGen       total 68608K, used 54026K [0x00000000c0000000, 0x00000000c4300000, 0x00000000eab00000)
  object space 68608K, 78% used [0x00000000c0000000,0x00000000c34c29d8,0x00000000c4300000)
 Metaspace       used 58779K, committed 59776K, reserved 1114112K
  class space    used 6668K, committed 7040K, reserved 1048576K
}
Event: 9.347 GC heap after
{Heap after GC invocations=33 (full 2):
 PSYoungGen      total 23552K, used 1664K [0x00000000eab00000, 0x00000000ec500000, 0x0000000100000000)
  eden space 21504K, 0% used [0x00000000eab00000,0x00000000eab00000,0x00000000ec000000)
  from space 2048K, 81% used [0x00000000ec200000,0x00000000ec3a0000,0x00000000ec400000)
  to   space 1024K, 0% used [0x00000000ec400000,0x00000000ec400000,0x00000000ec500000)
 ParOldGen       total 68608K, used 56106K [0x00000000c0000000, 0x00000000c4300000, 0x00000000eab00000)
  object space 68608K, 81% used [0x00000000c0000000,0x00000000c36caa50,0x00000000c4300000)
 Metaspace       used 58779K, committed 59776K, reserved 1114112K
  class space    used 6668K, committed 7040K, reserved 1048576K
}
Event: 9.347 GC heap before
{Heap before GC invocations=34 (full 2):
 PSYoungGen      total 23552K, used 1838K [0x00000000eab00000, 0x00000000ec500000, 0x0000000100000000)
  eden space 21504K, 0% used [0x00000000eab00000,0x00000000eab2b940,0x00000000ec000000)
  from space 2048K, 81% used [0x00000000ec200000,0x00000000ec3a0000,0x00000000ec400000)
  to   space 1024K, 0% used [0x00000000ec400000,0x00000000ec400000,0x00000000ec500000)
 ParOldGen       total 68608K, used 56106K [0x00000000c0000000, 0x00000000c4300000, 0x00000000eab00000)
  object space 68608K, 81% used [0x00000000c0000000,0x00000000c36caa50,0x00000000c4300000)
 Metaspace       used 58787K, committed 59776K, reserved 1114112K
  class space    used 6670K, committed 7040K, reserved 1048576K
}
Event: 9.349 GC heap after
{Heap after GC invocations=34 (full 2):
 PSYoungGen      total 22016K, used 160K [0x00000000eab00000, 0x00000000ec480000, 0x0000000100000000)
  eden space 21504K, 0% used [0x00000000eab00000,0x00000000eab00000,0x00000000ec000000)
  from space 512K, 31% used [0x00000000ec400000,0x00000000ec428000,0x00000000ec480000)
  to   space 1024K, 0% used [0x00000000ec280000,0x00000000ec280000,0x00000000ec380000)
 ParOldGen       total 68608K, used 57606K [0x00000000c0000000, 0x00000000c4300000, 0x00000000eab00000)
  object space 68608K, 83% used [0x00000000c0000000,0x00000000c38418f0,0x00000000c4300000)
 Metaspace       used 58787K, committed 59776K, reserved 1114112K
  class space    used 6670K, committed 7040K, reserved 1048576K
}
Event: 9.349 GC heap before
{Heap before GC invocations=35 (full 3):
 PSYoungGen      total 22016K, used 160K [0x00000000eab00000, 0x00000000ec480000, 0x0000000100000000)
  eden space 21504K, 0% used [0x00000000eab00000,0x00000000eab00000,0x00000000ec000000)
  from space 512K, 31% used [0x00000000ec400000,0x00000000ec428000,0x00000000ec480000)
  to   space 1024K, 0% used [0x00000000ec280000,0x00000000ec280000,0x00000000ec380000)
 ParOldGen       total 68608K, used 57606K [0x00000000c0000000, 0x00000000c4300000, 0x00000000eab00000)
  object space 68608K, 83% used [0x00000000c0000000,0x00000000c38418f0,0x00000000c4300000)
 Metaspace       used 58787K, committed 59776K, reserved 1114112K
  class space    used 6670K, committed 7040K, reserved 1048576K
}
Event: 9.408 GC heap after
{Heap after GC invocations=35 (full 3):
 PSYoungGen      total 22016K, used 0K [0x00000000eab00000, 0x00000000ec480000, 0x0000000100000000)
  eden space 21504K, 0% used [0x00000000eab00000,0x00000000eab00000,0x00000000ec000000)
  from space 512K, 0% used [0x00000000ec400000,0x00000000ec400000,0x00000000ec480000)
  to   space 1024K, 0% used [0x00000000ec280000,0x00000000ec280000,0x00000000ec380000)
 ParOldGen       total 68608K, used 50565K [0x00000000c0000000, 0x00000000c4300000, 0x00000000eab00000)
  object space 68608K, 73% used [0x00000000c0000000,0x00000000c3161468,0x00000000c4300000)
 Metaspace       used 58787K, committed 59776K, reserved 1114112K
  class space    used 6670K, committed 7040K, reserved 1048576K
}
Event: 9.595 GC heap before
{Heap before GC invocations=36 (full 3):
 PSYoungGen      total 22016K, used 21504K [0x00000000eab00000, 0x00000000ec480000, 0x0000000100000000)
  eden space 21504K, 100% used [0x00000000eab00000,0x00000000ec000000,0x00000000ec000000)
  from space 512K, 0% used [0x00000000ec400000,0x00000000ec400000,0x00000000ec480000)
  to   space 1024K, 0% used [0x00000000ec280000,0x00000000ec280000,0x00000000ec380000)
 ParOldGen       total 68608K, used 50565K [0x00000000c0000000, 0x00000000c4300000, 0x00000000eab00000)
  object space 68608K, 73% used [0x00000000c0000000,0x00000000c3161468,0x00000000c4300000)
 Metaspace       used 59991K, committed 60992K, reserved 1114112K
  class space    used 6871K, committed 7296K, reserved 1048576K
}
Event: 9.597 GC heap after
{Heap after GC invocations=36 (full 3):
 PSYoungGen      total 22528K, used 1022K [0x00000000eab00000, 0x00000000ec600000, 0x0000000100000000)
  eden space 21504K, 0% used [0x00000000eab00000,0x00000000eab00000,0x00000000ec000000)
  from space 1024K, 99% used [0x00000000ec280000,0x00000000ec37faa8,0x00000000ec380000)
  to   space 2560K, 0% used [0x00000000ec380000,0x00000000ec380000,0x00000000ec600000)
 ParOldGen       total 68608K, used 52068K [0x00000000c0000000, 0x00000000c4300000, 0x00000000eab00000)
  object space 68608K, 75% used [0x00000000c0000000,0x00000000c32d9340,0x00000000c4300000)
 Metaspace       used 59991K, committed 60992K, reserved 1114112K
  class space    used 6871K, committed 7296K, reserved 1048576K
}
Event: 11.001 GC heap before
{Heap before GC invocations=37 (full 3):
 PSYoungGen      total 22528K, used 22526K [0x00000000eab00000, 0x00000000ec600000, 0x0000000100000000)
  eden space 21504K, 100% used [0x00000000eab00000,0x00000000ec000000,0x00000000ec000000)
  from space 1024K, 99% used [0x00000000ec280000,0x00000000ec37faa8,0x00000000ec380000)
  to   space 2560K, 0% used [0x00000000ec380000,0x00000000ec380000,0x00000000ec600000)
 ParOldGen       total 68608K, used 52068K [0x00000000c0000000, 0x00000000c4300000, 0x00000000eab00000)
  object space 68608K, 75% used [0x00000000c0000000,0x00000000c32d9340,0x00000000c4300000)
 Metaspace       used 61282K, committed 62400K, reserved 1114112K
  class space    used 7029K, committed 7488K, reserved 1048576K
}
Event: 11.002 GC heap after
{Heap after GC invocations=37 (full 3):
 PSYoungGen      total 23040K, used 2553K [0x00000000eab00000, 0x00000000ec900000, 0x0000000100000000)
  eden space 20480K, 0% used [0x00000000eab00000,0x00000000eab00000,0x00000000ebf00000)
  from space 2560K, 99% used [0x00000000ec380000,0x00000000ec5fe688,0x00000000ec600000)
  to   space 4608K, 0% used [0x00000000ebf00000,0x00000000ebf00000,0x00000000ec380000)
 ParOldGen       total 68608K, used 53442K [0x00000000c0000000, 0x00000000c4300000, 0x00000000eab00000)
  object space 68608K, 77% used [0x00000000c0000000,0x00000000c34309a0,0x00000000c4300000)
 Metaspace       used 61282K, committed 62400K, reserved 1114112K
  class space    used 7029K, committed 7488K, reserved 1048576K
}
Event: 11.376 GC heap before
{Heap before GC invocations=38 (full 3):
 PSYoungGen      total 23040K, used 23033K [0x00000000eab00000, 0x00000000ec900000, 0x0000000100000000)
  eden space 20480K, 100% used [0x00000000eab00000,0x00000000ebf00000,0x00000000ebf00000)
  from space 2560K, 99% used [0x00000000ec380000,0x00000000ec5fe688,0x00000000ec600000)
  to   space 4608K, 0% used [0x00000000ebf00000,0x00000000ebf00000,0x00000000ec380000)
 ParOldGen       total 68608K, used 53442K [0x00000000c0000000, 0x00000000c4300000, 0x00000000eab00000)
  object space 68608K, 77% used [0x00000000c0000000,0x00000000c34309a0,0x00000000c4300000)
 Metaspace       used 61404K, committed 62464K, reserved 1114112K
  class space    used 7047K, committed 7488K, reserved 1048576K
}
Event: 11.378 GC heap after
{Heap after GC invocations=38 (full 3):
 PSYoungGen      total 22528K, used 1940K [0x00000000eab00000, 0x00000000ec500000, 0x0000000100000000)
  eden space 20480K, 0% used [0x00000000eab00000,0x00000000eab00000,0x00000000ebf00000)
  from space 2048K, 94% used [0x00000000ebf00000,0x00000000ec0e5168,0x00000000ec100000)
  to   space 3072K, 0% used [0x00000000ec200000,0x00000000ec200000,0x00000000ec500000)
 ParOldGen       total 68608K, used 55862K [0x00000000c0000000, 0x00000000c4300000, 0x00000000eab00000)
  object space 68608K, 81% used [0x00000000c0000000,0x00000000c368da28,0x00000000c4300000)
 Metaspace       used 61404K, committed 62464K, reserved 1114112K
  class space    used 7047K, committed 7488K, reserved 1048576K
}

Dll operation events (13 events):
Event: 0.015 Loaded shared library c:\Users\bayue\.vscode\extensions\redhat.java-1.28.1-win32-x64\jre\17.0.10-win32-x86_64\bin\java.dll
Event: 0.237 Loaded shared library c:\Users\bayue\.vscode\extensions\redhat.java-1.28.1-win32-x64\jre\17.0.10-win32-x86_64\bin\zip.dll
Event: 0.241 Loaded shared library C:\Users\bayue\.vscode\extensions\redhat.java-1.28.1-win32-x64\jre\17.0.10-win32-x86_64\bin\instrument.dll
Event: 0.260 Loaded shared library C:\Users\bayue\.vscode\extensions\redhat.java-1.28.1-win32-x64\jre\17.0.10-win32-x86_64\bin\net.dll
Event: 0.263 Loaded shared library C:\Users\bayue\.vscode\extensions\redhat.java-1.28.1-win32-x64\jre\17.0.10-win32-x86_64\bin\nio.dll
Event: 0.271 Loaded shared library C:\Users\bayue\.vscode\extensions\redhat.java-1.28.1-win32-x64\jre\17.0.10-win32-x86_64\bin\zip.dll
Event: 0.286 Loaded shared library C:\Users\bayue\.vscode\extensions\redhat.java-1.28.1-win32-x64\jre\17.0.10-win32-x86_64\bin\jimage.dll
Event: 0.358 Loaded shared library c:\Users\bayue\.vscode\extensions\redhat.java-1.28.1-win32-x64\jre\17.0.10-win32-x86_64\bin\verify.dll
Event: 1.645 Loaded shared library C:\Users\bayue\AppData\Roaming\Code\User\globalStorage\redhat.java\1.28.1\config_win\org.eclipse.equinox.launcher\org.eclipse.equinox.launcher.win32.win32.x86_64_1.2.900.v20240129-1338\eclipse_11900.dll
Event: 4.385 Loaded shared library C:\Users\bayue\AppData\Local\Temp\jna-93514794\jna11764536731662877319.dll
Event: 8.185 Loaded shared library C:\Users\bayue\.gradle\native\68d5fa5c4cc2d200863cafc0d521ce42e7d3e7ee720ec0a83991735586a16f82\windows-amd64\native-platform.dll
Event: 9.335 Loaded shared library C:\Users\bayue\.vscode\extensions\redhat.java-1.28.1-win32-x64\jre\17.0.10-win32-x86_64\bin\management.dll
Event: 9.339 Loaded shared library C:\Users\bayue\.vscode\extensions\redhat.java-1.28.1-win32-x64\jre\17.0.10-win32-x86_64\bin\management_ext.dll

Deoptimization events (20 events):
Event: 11.288 Thread 0x00000236a67604d0 DEOPT PACKING pc=0x000002368e1c66c1 sp=0x000000e67f2fee00
Event: 11.288 Thread 0x00000236a67604d0 DEOPT UNPACKING pc=0x0000023694a2a9e3 sp=0x000000e67f2fe2b0 mode 0
Event: 11.356 Thread 0x00000236a67604d0 DEOPT PACKING pc=0x000002368e1c66a0 sp=0x000000e67f2fee00
Event: 11.356 Thread 0x00000236a67604d0 DEOPT UNPACKING pc=0x0000023694a2a9e3 sp=0x000000e67f2fe2b0 mode 0
Event: 11.367 Thread 0x00000236a67604d0 DEOPT PACKING pc=0x000002368e1c66a0 sp=0x000000e67f2fee00
Event: 11.367 Thread 0x00000236a67604d0 DEOPT UNPACKING pc=0x0000023694a2a9e3 sp=0x000000e67f2fe2b0 mode 0
Event: 11.385 Thread 0x00000236a59a7760 DEOPT PACKING pc=0x000002368dfa923d sp=0x000000e67dbfe630
Event: 11.385 Thread 0x00000236a59a7760 DEOPT UNPACKING pc=0x0000023694a2a9e3 sp=0x000000e67dbfdb58 mode 0
Event: 11.394 Thread 0x00000236a59a7760 DEOPT PACKING pc=0x000002368dfa923d sp=0x000000e67dbfe630
Event: 11.394 Thread 0x00000236a59a7760 DEOPT UNPACKING pc=0x0000023694a2a9e3 sp=0x000000e67dbfdb58 mode 0
Event: 11.396 Thread 0x00000236a59a7760 DEOPT PACKING pc=0x000002368e15f649 sp=0x000000e67dbfe5b0
Event: 11.396 Thread 0x00000236a59a7760 DEOPT UNPACKING pc=0x0000023694a2a9e3 sp=0x000000e67dbfda18 mode 0
Event: 11.421 Thread 0x00000236a59a7760 DEOPT PACKING pc=0x000002368dfa923d sp=0x000000e67dbfe630
Event: 11.421 Thread 0x00000236a59a7760 DEOPT UNPACKING pc=0x0000023694a2a9e3 sp=0x000000e67dbfdb58 mode 0
Event: 11.425 Thread 0x00000236a59a7760 DEOPT PACKING pc=0x000002368e12eac3 sp=0x000000e67dbfe5f0
Event: 11.425 Thread 0x00000236a59a7760 DEOPT UNPACKING pc=0x0000023694a2a9e3 sp=0x000000e67dbfdb58 mode 0
Event: 11.439 Thread 0x00000236a59a7760 DEOPT PACKING pc=0x000002368dfa923d sp=0x000000e67dbfe630
Event: 11.439 Thread 0x00000236a59a7760 DEOPT UNPACKING pc=0x0000023694a2a9e3 sp=0x000000e67dbfdb58 mode 0
Event: 11.440 Thread 0x00000236a59a7760 DEOPT PACKING pc=0x000002368e12eac3 sp=0x000000e67dbfe5f0
Event: 11.440 Thread 0x00000236a59a7760 DEOPT UNPACKING pc=0x0000023694a2a9e3 sp=0x000000e67dbfdb58 mode 0

Classes unloaded (7 events):
Event: 2.768 Thread 0x00000236a37c14b0 Unloading class 0x000000010024b400 'java/lang/invoke/LambdaForm$MH+0x000000010024b400'
Event: 2.768 Thread 0x00000236a37c14b0 Unloading class 0x000000010024b000 'java/lang/invoke/LambdaForm$MH+0x000000010024b000'
Event: 2.768 Thread 0x00000236a37c14b0 Unloading class 0x000000010024ac00 'java/lang/invoke/LambdaForm$MH+0x000000010024ac00'
Event: 2.768 Thread 0x00000236a37c14b0 Unloading class 0x000000010024a800 'java/lang/invoke/LambdaForm$MH+0x000000010024a800'
Event: 2.768 Thread 0x00000236a37c14b0 Unloading class 0x000000010024a400 'java/lang/invoke/LambdaForm$BMH+0x000000010024a400'
Event: 2.768 Thread 0x00000236a37c14b0 Unloading class 0x000000010024a000 'java/lang/invoke/LambdaForm$DMH+0x000000010024a000'
Event: 2.768 Thread 0x00000236a37c14b0 Unloading class 0x0000000100244400 'java/lang/invoke/LambdaForm$DMH+0x0000000100244400'

Classes redefined (0 events):
No events

Internal exceptions (20 events):
Event: 11.258 Thread 0x00000236a67604d0 Exception <a 'sun/nio/fs/WindowsException'{0x00000000eb980b10}> (0x00000000eb980b10) 
thrown [s\src\hotspot\share\prims\jni.cpp, line 516]
Event: 11.259 Thread 0x00000236a67604d0 Exception <a 'sun/nio/fs/WindowsException'{0x00000000eb985690}> (0x00000000eb985690) 
thrown [s\src\hotspot\share\prims\jni.cpp, line 516]
Event: 11.259 Thread 0x00000236a67604d0 Exception <a 'sun/nio/fs/WindowsException'{0x00000000eb989f90}> (0x00000000eb989f90) 
thrown [s\src\hotspot\share\prims\jni.cpp, line 516]
Event: 11.260 Thread 0x00000236a67604d0 Exception <a 'sun/nio/fs/WindowsException'{0x00000000eb98f010}> (0x00000000eb98f010) 
thrown [s\src\hotspot\share\prims\jni.cpp, line 516]
Event: 11.260 Thread 0x00000236a67604d0 Exception <a 'sun/nio/fs/WindowsException'{0x00000000eb993938}> (0x00000000eb993938) 
thrown [s\src\hotspot\share\prims\jni.cpp, line 516]
Event: 11.262 Thread 0x00000236a67604d0 Exception <a 'sun/nio/fs/WindowsException'{0x00000000eb9986b8}> (0x00000000eb9986b8) 
thrown [s\src\hotspot\share\prims\jni.cpp, line 516]
Event: 11.263 Thread 0x00000236a67604d0 Exception <a 'sun/nio/fs/WindowsException'{0x00000000eb99d2b0}> (0x00000000eb99d2b0) 
thrown [s\src\hotspot\share\prims\jni.cpp, line 516]
Event: 11.264 Thread 0x00000236a67604d0 Exception <a 'sun/nio/fs/WindowsException'{0x00000000eb9a2060}> (0x00000000eb9a2060) 
thrown [s\src\hotspot\share\prims\jni.cpp, line 516]
Event: 11.264 Thread 0x00000236a67604d0 Exception <a 'sun/nio/fs/WindowsException'{0x00000000eb9a6a90}> (0x00000000eb9a6a90) 
thrown [s\src\hotspot\share\prims\jni.cpp, line 516]
Event: 11.265 Thread 0x00000236a67604d0 Exception <a 'sun/nio/fs/WindowsException'{0x00000000eb9ab2b0}> (0x00000000eb9ab2b0) 
thrown [s\src\hotspot\share\prims\jni.cpp, line 516]
Event: 11.266 Thread 0x00000236a67604d0 Exception <a 'sun/nio/fs/WindowsException'{0x00000000eb9b48e0}> (0x00000000eb9b48e0) 
thrown [s\src\hotspot\share\prims\jni.cpp, line 516]
Event: 11.266 Thread 0x00000236a67604d0 Exception <a 'sun/nio/fs/WindowsException'{0x00000000eb9b94d0}> (0x00000000eb9b94d0) 
thrown [s\src\hotspot\share\prims\jni.cpp, line 516]
Event: 11.267 Thread 0x00000236a67604d0 Exception <a 'sun/nio/fs/WindowsException'{0x00000000eb9be500}> (0x00000000eb9be500) 
thrown [s\src\hotspot\share\prims\jni.cpp, line 516]
Event: 11.267 Thread 0x00000236a67604d0 Exception <a 'sun/nio/fs/WindowsException'{0x00000000eb9c3430}> (0x00000000eb9c3430) 
thrown [s\src\hotspot\share\prims\jni.cpp, line 516]
Event: 11.268 Thread 0x00000236a67604d0 Exception <a 'sun/nio/fs/WindowsException'{0x00000000eb9c8a50}> (0x00000000eb9c8a50) 
thrown [s\src\hotspot\share\prims\jni.cpp, line 516]
Event: 11.268 Thread 0x00000236a67604d0 Exception <a 'sun/nio/fs/WindowsException'{0x00000000eb9cdba8}> (0x00000000eb9cdba8) 
thrown [s\src\hotspot\share\prims\jni.cpp, line 516]
Event: 11.269 Thread 0x00000236a67604d0 Exception <a 'sun/nio/fs/WindowsException'{0x00000000eb9d2a90}> (0x00000000eb9d2a90) 
thrown [s\src\hotspot\share\prims\jni.cpp, line 516]
Event: 11.269 Thread 0x00000236a67604d0 Exception <a 'sun/nio/fs/WindowsException'{0x00000000eb9d76d8}> (0x00000000eb9d76d8) 
thrown [s\src\hotspot\share\prims\jni.cpp, line 516]
Event: 11.270 Thread 0x00000236a67604d0 Exception <a 'sun/nio/fs/WindowsException'{0x00000000eb9dc5f0}> (0x00000000eb9dc5f0) 
thrown [s\src\hotspot\share\prims\jni.cpp, line 516]
Event: 11.270 Thread 0x00000236a67604d0 Exception <a 'sun/nio/fs/WindowsException'{0x00000000eb9e0cb8}> (0x00000000eb9e0cb8) 
thrown [s\src\hotspot\share\prims\jni.cpp, line 516]

VM Operations (20 events):
Event: 9.417 Executing VM operation: HandshakeAllThreads
Event: 9.417 Executing VM operation: HandshakeAllThreads done
Event: 9.588 Executing VM operation: ParallelGCFailedAllocation
Event: 9.601 Executing VM operation: ParallelGCFailedAllocation done
Event: 9.632 Executing VM operation: HandshakeAllThreads
Event: 9.632 Executing VM operation: HandshakeAllThreads done
Event: 9.840 Executing VM operation: HandshakeAllThreads
Event: 10.811 Executing VM operation: HandshakeAllThreads done
Event: 10.811 Executing VM operation: Cleanup
Event: 10.812 Executing VM operation: Cleanup done
Event: 10.993 Executing VM operation: HandshakeAllThreads
Event: 10.998 Executing VM operation: HandshakeAllThreads done
Event: 11.000 Executing VM operation: HandshakeAllThreads
Event: 11.000 Executing VM operation: HandshakeAllThreads done
Event: 11.000 Executing VM operation: ParallelGCFailedAllocation
Event: 11.002 Executing VM operation: ParallelGCFailedAllocation done
Event: 11.012 Executing VM operation: HandshakeAllThreads
Event: 11.021 Executing VM operation: HandshakeAllThreads done
Event: 11.376 Executing VM operation: ParallelGCFailedAllocation
Event: 11.378 Executing VM operation: ParallelGCFailedAllocation done

Events (20 events):
Event: 10.992 loading class java/util/AbstractList$ListItr
Event: 10.992 loading class java/util/AbstractList$ListItr done
Event: 10.999 Thread 0x00000236a6766a10 Thread exited: 0x00000236a6766a10
Event: 11.029 Thread 0x00000236a6767940 Thread added: 0x00000236a6767940
Event: 11.031 Thread 0x00000236a6762d50 Thread added: 0x00000236a6762d50
Event: 11.035 loading class java/security/DigestInputStream
Event: 11.036 loading class java/security/DigestInputStream done
Event: 11.072 Thread 0x00000236a6762d50 Thread exited: 0x00000236a6762d50
Event: 11.073 loading class java/lang/Throwable$WrappedPrintWriter
Event: 11.073 loading class java/lang/Throwable$PrintStreamOrWriter
Event: 11.073 loading class java/lang/Throwable$PrintStreamOrWriter done
Event: 11.073 loading class java/lang/Throwable$WrappedPrintWriter done
Event: 11.074 loading class java/text/DontCareFieldPosition
Event: 11.074 loading class java/text/DontCareFieldPosition done
Event: 11.074 loading class java/text/DontCareFieldPosition$1
Event: 11.074 loading class java/text/Format$FieldDelegate
Event: 11.074 loading class java/text/Format$FieldDelegate done
Event: 11.074 loading class java/text/DontCareFieldPosition$1 done
Event: 11.075 loading class java/text/NumberFormat$Field
Event: 11.075 loading class java/text/NumberFormat$Field done


Dynamic libraries:
0x00007ff68ecb0000 - 0x00007ff68ecbe000 	c:\Users\bayue\.vscode\extensions\redhat.java-1.28.1-win32-x64\jre\17.0.10-win32-x86_64\bin\java.exe
0x00007ffdbad10000 - 0x00007ffdbaf27000 	C:\WINDOWS\SYSTEM32\ntdll.dll
0x00007ffdba670000 - 0x00007ffdba734000 	C:\WINDOWS\System32\KERNEL32.DLL
0x00007ffdb8590000 - 0x00007ffdb8936000 	C:\WINDOWS\System32\KERNELBASE.dll
0x00007ffdb4d00000 - 0x00007ffdb4d97000 	C:\WINDOWS\SYSTEM32\apphelp.dll
0x00007ffdb8410000 - 0x00007ffdb8521000 	C:\WINDOWS\System32\ucrtbase.dll
0x00007ffda18f0000 - 0x00007ffda1907000 	c:\Users\bayue\.vscode\extensions\redhat.java-1.28.1-win32-x64\jre\17.0.10-win32-x86_64\bin\jli.dll
0x00007ffdb9690000 - 0x00007ffdb983e000 	C:\WINDOWS\System32\USER32.dll
0x00007ffdb8530000 - 0x00007ffdb8556000 	C:\WINDOWS\System32\win32u.dll
0x00007ffdba9a0000 - 0x00007ffdba9c9000 	C:\WINDOWS\System32\GDI32.dll
0x00007ffdb8940000 - 0x00007ffdb8a58000 	C:\WINDOWS\System32\gdi32full.dll
0x00007ffdb8200000 - 0x00007ffdb829a000 	C:\WINDOWS\System32\msvcp_win.dll
0x00007ffda1770000 - 0x00007ffda178b000 	c:\Users\bayue\.vscode\extensions\redhat.java-1.28.1-win32-x64\jre\17.0.10-win32-x86_64\bin\VCRUNTIME140.dll
0x00007ffd99210000 - 0x00007ffd994a3000 	C:\WINDOWS\WinSxS\amd64_microsoft.windows.common-controls_6595b64144ccf1df_6.0.22621.2506_none_270c5ae97388e100\COMCTL32.dll
0x00007ffdba860000 - 0x00007ffdba907000 	C:\WINDOWS\System32\msvcrt.dll
0x00007ffdba260000 - 0x00007ffdba291000 	C:\WINDOWS\System32\IMM32.DLL
0x00007ffdaaa90000 - 0x00007ffdaaa9c000 	c:\Users\bayue\.vscode\extensions\redhat.java-1.28.1-win32-x64\jre\17.0.10-win32-x86_64\bin\vcruntime140_1.dll
0x00007ffd7b960000 - 0x00007ffd7b9ed000 	c:\Users\bayue\.vscode\extensions\redhat.java-1.28.1-win32-x64\jre\17.0.10-win32-x86_64\bin\msvcp140.dll
0x00007ffd594f0000 - 0x00007ffd5a152000 	c:\Users\bayue\.vscode\extensions\redhat.java-1.28.1-win32-x64\jre\17.0.10-win32-x86_64\bin\server\jvm.dll
0x00007ffdbac10000 - 0x00007ffdbacc3000 	C:\WINDOWS\System32\ADVAPI32.dll
0x00007ffdba9e0000 - 0x00007ffdbaa88000 	C:\WINDOWS\System32\sechost.dll
0x00007ffdb8560000 - 0x00007ffdb8588000 	C:\WINDOWS\System32\bcrypt.dll
0x00007ffdbaa90000 - 0x00007ffdbaba7000 	C:\WINDOWS\System32\RPCRT4.dll
0x00007ffdb78f0000 - 0x00007ffdb793d000 	C:\WINDOWS\SYSTEM32\POWRPROF.dll
0x00007ffda0830000 - 0x00007ffda0839000 	C:\WINDOWS\SYSTEM32\WSOCK32.dll
0x00007ffdba580000 - 0x00007ffdba5f1000 	C:\WINDOWS\System32\WS2_32.dll
0x00007ffdabb40000 - 0x00007ffdabb74000 	C:\WINDOWS\SYSTEM32\WINMM.dll
0x00007ffdb1080000 - 0x00007ffdb108a000 	C:\WINDOWS\SYSTEM32\VERSION.dll
0x00007ffdb78d0000 - 0x00007ffdb78e3000 	C:\WINDOWS\SYSTEM32\UMPDC.dll
0x00007ffdb7040000 - 0x00007ffdb7058000 	C:\WINDOWS\SYSTEM32\kernel.appcore.dll
0x00007ffda1cd0000 - 0x00007ffda1cda000 	c:\Users\bayue\.vscode\extensions\redhat.java-1.28.1-win32-x64\jre\17.0.10-win32-x86_64\bin\jimage.dll
0x00007ffdb51a0000 - 0x00007ffdb53d3000 	C:\WINDOWS\SYSTEM32\DBGHELP.DLL
0x00007ffdb8e80000 - 0x00007ffdb9209000 	C:\WINDOWS\System32\combase.dll
0x00007ffdb8c00000 - 0x00007ffdb8cd7000 	C:\WINDOWS\System32\OLEAUT32.dll
0x00007ffd82a50000 - 0x00007ffd82a82000 	C:\WINDOWS\SYSTEM32\dbgcore.DLL
0x00007ffdb8110000 - 0x00007ffdb818a000 	C:\WINDOWS\System32\bcryptPrimitives.dll
0x00007ffda1490000 - 0x00007ffda149e000 	c:\Users\bayue\.vscode\extensions\redhat.java-1.28.1-win32-x64\jre\17.0.10-win32-x86_64\bin\instrument.dll
0x00007ffd7cca0000 - 0x00007ffd7ccc5000 	c:\Users\bayue\.vscode\extensions\redhat.java-1.28.1-win32-x64\jre\17.0.10-win32-x86_64\bin\java.dll
0x00007ffda0350000 - 0x00007ffda0368000 	c:\Users\bayue\.vscode\extensions\redhat.java-1.28.1-win32-x64\jre\17.0.10-win32-x86_64\bin\zip.dll
0x00007ffdb9990000 - 0x00007ffdba1ea000 	C:\WINDOWS\System32\SHELL32.dll
0x00007ffdb5f50000 - 0x00007ffdb6846000 	C:\WINDOWS\SYSTEM32\windows.storage.dll
0x00007ffdb5e10000 - 0x00007ffdb5f4e000 	C:\WINDOWS\SYSTEM32\wintypes.dll
0x00007ffdba760000 - 0x00007ffdba853000 	C:\WINDOWS\System32\SHCORE.dll
0x00007ffdbabb0000 - 0x00007ffdbac0e000 	C:\WINDOWS\System32\shlwapi.dll
0x00007ffdb7f80000 - 0x00007ffdb7fa6000 	C:\WINDOWS\SYSTEM32\profapi.dll
0x00007ffd9f180000 - 0x00007ffd9f199000 	C:\Users\bayue\.vscode\extensions\redhat.java-1.28.1-win32-x64\jre\17.0.10-win32-x86_64\bin\net.dll
0x00007ffdb1c80000 - 0x00007ffdb1db7000 	C:\WINDOWS\SYSTEM32\WINHTTP.dll
0x00007ffdb74b0000 - 0x00007ffdb7519000 	C:\WINDOWS\system32\mswsock.dll
0x00007ffd9efe0000 - 0x00007ffd9eff6000 	C:\Users\bayue\.vscode\extensions\redhat.java-1.28.1-win32-x64\jre\17.0.10-win32-x86_64\bin\nio.dll
0x00007ffda1480000 - 0x00007ffda1490000 	c:\Users\bayue\.vscode\extensions\redhat.java-1.28.1-win32-x64\jre\17.0.10-win32-x86_64\bin\verify.dll
0x00007ffd6f480000 - 0x00007ffd6f4be000 	C:\Users\bayue\AppData\Roaming\Code\User\globalStorage\redhat.java\1.28.1\config_win\org.eclipse.equinox.launcher\org.eclipse.equinox.launcher.win32.win32.x86_64_1.2.900.v20240129-1338\eclipse_11900.dll
0x00007ffdb8ce0000 - 0x00007ffdb8e80000 	C:\WINDOWS\System32\ole32.dll
0x00007ffdb7700000 - 0x00007ffdb771b000 	C:\WINDOWS\SYSTEM32\CRYPTSP.dll
0x00007ffdb6fa0000 - 0x00007ffdb6fd5000 	C:\WINDOWS\system32\rsaenh.dll
0x00007ffdb7560000 - 0x00007ffdb758c000 	C:\WINDOWS\SYSTEM32\USERENV.dll
0x00007ffdb76c0000 - 0x00007ffdb76cc000 	C:\WINDOWS\SYSTEM32\CRYPTBASE.dll
0x00007ffdb6ab0000 - 0x00007ffdb6add000 	C:\WINDOWS\SYSTEM32\IPHLPAPI.DLL
0x00007ffdba1f0000 - 0x00007ffdba1f9000 	C:\WINDOWS\System32\NSI.dll
0x00007ffdb18e0000 - 0x00007ffdb18f9000 	C:\WINDOWS\SYSTEM32\dhcpcsvc6.DLL
0x00007ffdb1610000 - 0x00007ffdb162f000 	C:\WINDOWS\SYSTEM32\dhcpcsvc.DLL
0x00007ffdb6b20000 - 0x00007ffdb6c19000 	C:\WINDOWS\SYSTEM32\DNSAPI.dll
0x00007ffd79310000 - 0x00007ffd79355000 	C:\Users\bayue\AppData\Local\Temp\jna-93514794\jna11764536731662877319.dll
0x00007ffdba910000 - 0x00007ffdba918000 	C:\WINDOWS\System32\PSAPI.DLL
0x00007ffd70590000 - 0x00007ffd705b7000 	C:\Users\bayue\.gradle\native\68d5fa5c4cc2d200863cafc0d521ce42e7d3e7ee720ec0a83991735586a16f82\windows-amd64\native-platform.dll
0x00007ffdb1540000 - 0x00007ffdb1549000 	C:\Users\bayue\.vscode\extensions\redhat.java-1.28.1-win32-x64\jre\17.0.10-win32-x86_64\bin\management.dll
0x00007ffda0140000 - 0x00007ffda014b000 	C:\Users\bayue\.vscode\extensions\redhat.java-1.28.1-win32-x64\jre\17.0.10-win32-x86_64\bin\management_ext.dll

dbghelp: loaded successfully - version: 4.0.5 - missing functions: none
symbol engine: initialized successfully - sym options: 0x614 - pdb path: .;c:\Users\bayue\.vscode\extensions\redhat.java-1.28.1-win32-x64\jre\17.0.10-win32-x86_64\bin;C:\WINDOWS\SYSTEM32;C:\WINDOWS\WinSxS\amd64_microsoft.windows.common-controls_6595b64144ccf1df_6.0.22621.2506_none_270c5ae97388e100;c:\Users\bayue\.vscode\extensions\redhat.java-1.28.1-win32-x64\jre\17.0.10-win32-x86_64\bin\server;C:\Users\bayue\AppData\Roaming\Code\User\globalStorage\redhat.java\1.28.1\config_win\org.eclipse.equinox.launcher\org.eclipse.equinox.launcher.win32.win32.x86_64_1.2.900.v20240129-1338;C:\Users\bayue\AppData\Local\Temp\jna-93514794;C:\Users\bayue\.gradle\native\68d5fa5c4cc2d200863cafc0d521ce42e7d3e7ee720ec0a83991735586a16f82\windows-amd64

VM Arguments:
jvm_args: --add-modules=ALL-SYSTEM --add-opens=java.base/java.util=ALL-UNNAMED --add-opens=java.base/java.lang=ALL-UNNAMED --add-opens=java.base/sun.nio.fs=ALL-UNNAMED -Declipse.application=org.eclipse.jdt.ls.core.id1 -Dosgi.bundles.defaultStartLevel=4 -Declipse.product=org.eclipse.jdt.ls.core.product -Djava.import.generatesMetadataFilesAtProjectRoot=false -DDetectVMInstallationsJob.disabled=true -Dfile.encoding=utf8 -XX:+UseParallelGC -XX:GCTimeRatio=4 -XX:AdaptiveSizePolicyWeight=90 -Dsun.zip.disableMemoryMapping=true -Xmx1G -Xms100m -Xlog:disable -javaagent:c:\Users\bayue\.vscode\extensions\redhat.java-1.28.1-win32-x64\lombok\lombok-1.18.31.jar -XX:+HeapDumpOnOutOfMemoryError -XX:HeapDumpPath=c:\Users\bayue\AppData\Roaming\Code\User\workspaceStorage\9b8ffb29b693dbc440553711cef8df64\redhat.java -Daether.dependencyCollector.impl=bf 
java_command: c:\Users\bayue\.vscode\extensions\redhat.java-1.28.1-win32-x64\server\plugins\org.eclipse.equinox.launcher_1.6.700.v20231214-2017.jar -configuration c:\Users\bayue\AppData\Roaming\Code\User\globalStorage\redhat.java\1.28.1\config_win -data c:\Users\bayue\AppData\Roaming\Code\User\workspaceStorage\9b8ffb29b693dbc440553711cef8df64\redhat.java\jdt_ws --stdio
java_class_path (initial): c:\Users\bayue\.vscode\extensions\redhat.java-1.28.1-win32-x64\server\plugins\org.eclipse.equinox.launcher_1.6.700.v20231214-2017.jar
Launcher Type: SUN_STANDARD

[Global flags]
    uintx AdaptiveSizePolicyWeight                 = 90                                        {product} {command line}
     intx CICompilerCount                          = 4                                         {product} {ergonomic}
    uintx GCTimeRatio                              = 4                                         {product} {command line}
     bool HeapDumpOnOutOfMemoryError               = true                                   {manageable} {command line}
    ccstr HeapDumpPath                             = c:\Users\bayue\AppData\Roaming\Code\User\workspaceStorage\9b8ffb29b693dbc440553711cef8df64\redhat.java         {manageable} {command line}
   size_t InitialHeapSize                          = 104857600                                 {product} {command line}
   size_t MaxHeapSize                              = 1073741824                                {product} {command line}
   size_t MaxNewSize                               = 357564416                                 {product} {ergonomic}
   size_t MinHeapDeltaBytes                        = 524288                                    {product} {ergonomic}
   size_t MinHeapSize                              = 104857600                                 {product} {command line}
   size_t NewSize                                  = 34603008                                  {product} {ergonomic}
    uintx NonNMethodCodeHeapSize                   = 5839372                                {pd product} {ergonomic}
    uintx NonProfiledCodeHeapSize                  = 122909434                              {pd product} {ergonomic}
   size_t OldSize                                  = 70254592                                  {product} {ergonomic}
    uintx ProfiledCodeHeapSize                     = 122909434                              {pd product} {ergonomic}
    uintx ReservedCodeCacheSize                    = 251658240                              {pd product} {ergonomic}
     bool SegmentedCodeCache                       = true                                      {product} {ergonomic}
   size_t SoftMaxHeapSize                          = 1073741824                             {manageable} {ergonomic}
     bool UseCompressedClassPointers               = true                           {product lp64_product} {ergonomic}
     bool UseCompressedOops                        = true                           {product lp64_product} {ergonomic}
     bool UseLargePagesIndividualAllocation        = false                                  {pd product} {ergonomic}
     bool UseParallelGC                            = true                                      {product} {command line}

Logging:
Log output configuration:
 #0: stdout all=off uptime,level,tags
 #1: stderr all=off uptime,level,tags

Environment Variables:
JAVA_HOME=C:\Program Files\Java\jdk-17
PATH=C:\Program Files\Common Files\Oracle\Java\javapath;C:\Program Files\Microsoft\jdk-11.0.18.10-hotspot\bin;C:\Python311\Scripts\;C:\Python311\;C:\WINDOWS\system32;C:\WINDOWS;C:\WINDOWS\System32\Wbem;C:\WINDOWS\System32\WindowsPowerShell\v1.0\;C:\WINDOWS\System32\OpenSSH\;C:\Program Files\dotnet\;C:\Program Files\Microsoft SQL Server\130\Tools\Binn\;C:\Program Files\Microsoft SQL Server\Client SDK\ODBC\170\Tools\Binn\;C:\Program Files (x86)\Microsoft SQL Server\150\Tools\Binn\;C:\Program Files\Microsoft SQL Server\150\Tools\Binn\;C:\Program Files (x86)\Microsoft SQL Server\150\DTS\Binn\;C:\Program Files\Microsoft SQL Server\150\DTS\Binn\;C:\Program Files\Azure Data Studio\bin;C:\Program Files (x86)\OPOS\Epson3\;C:\ProgramData\chocolatey\bin;C:\Program Files\OpenJDK\openjdk-11.0.14.1_1\bin;C:\Users\bayue\AppData\Local\Android\Sdk;C:\Users\bayue\AppData\Local\Android\Sdk\platform-tools;C:\Program Files (x86)\Microsoft SQL Server\110\DTS\Binn\;C:\Program Files (x86)\Microsoft SQL Server\120\DTS\Binn\;C:\Program Files (x86)\Microsoft SQL Server\130\DTS\Binn\;C:\Program Files (x86)\Microsoft SQL Server\140\DTS\Binn\;C:\Program Files\Git\cmd;C:\Program Files\nodejs\;C:\Users\bayue\AppData\Local\Android\Sdk\tools;C:\Users\bayue\AppData\Local\Microsoft\WindowsApps;C:\Users\bayue\.dotnet\tools;C:\Users\bayue\AppData\Local\Programs\Microsoft VS Code\bin;C:\Users\bayue\AppData\Local\GitHubDesktop\bin;C:\Users\bayue\AppData\Roaming\npm
USERNAME=bayue
OS=Windows_NT
PROCESSOR_IDENTIFIER=Intel64 Family 6 Model 140 Stepping 1, GenuineIntel
TMP=C:\Users\bayue\AppData\Local\Temp
TEMP=C:\Users\bayue\AppData\Local\Temp



Periodic native trim disabled


---------------  S Y S T E M  ---------------

OS:
 Windows 11 , 64 bit Build 22621 (10.0.22621.2506)
OS uptime: 36 days 2:15 hours
Hyper-V role detected

CPU: total 8 (initial active 8) (4 cores per cpu, 2 threads per core) family 6 model 140 stepping 1 microcode 0x9a, cx8, cmov, fxsr, ht, mmx, 3dnowpref, sse, sse2, sse3, ssse3, sse4.1, sse4.2, popcnt, lzcnt, tsc, tscinvbit, avx, avx2, aes, erms, clmul, bmi1, bmi2, adx, avx512f, avx512dq, avx512cd, avx512bw, avx512vl, sha, fma, vzeroupper, avx512_vpopcntdq, avx512_vpclmulqdq, avx512_vaes, avx512_vnni, clflush, clflushopt, clwb, avx512_vbmi2, avx512_vbmi, hv
Processor Information for all 8 processors :
  Max Mhz: 2803, Current Mhz: 2803, Mhz Limit: 2803

Memory: 4k page, system-wide physical 16167M (466M free)
TotalPageFile size 28167M (AvailPageFile size 5M)
current process WorkingSet (physical memory assigned to process): 272M, peak: 288M
current process commit charge ("private bytes"): 319M, peak: 337M

vm_info: OpenJDK 64-Bit Server VM (17.0.10+7) for windows-amd64 JRE (17.0.10+7), built on Jan 16 2024 23:25:11 by "admin" with MS VC++ 16.10 / 16.11 (VS2019)

END.
