#
# There is insufficient memory for the Java Runtime Environment to continue.
# Native memory allocation (malloc) failed to allocate 1416176 bytes for Chunk::new
# Possible reasons:
#   The system is out of physical RAM or swap space
#   The process is running with CompressedOops enabled, and the Java Heap may be blocking the growth of the native heap
# Possible solutions:
#   Reduce memory load on the system
#   Increase physical memory or swap space
#   Check if swap backing store is full
#   Decrease Java heap size (-Xmx/-Xms)
#   Decrease number of Java threads
#   Decrease Java thread stack sizes (-Xss)
#   Set larger code cache with -XX:ReservedCodeCacheSize=
#   JVM is running with Unscaled Compressed Oops mode in which the Java heap is
#     placed in the first 4GB address space. The Java Heap base address is the
#     maximum limit for the native heap growth. Please use -XX:HeapBaseMinAddress
#     to set the Java Heap base and to place the Java Heap above 4GB virtual address.
# This output file may be truncated or incomplete.
#
#  Out of Memory Error (arena.cpp:191), pid=49016, tid=43136
#
# JRE version: OpenJDK Runtime Environment Temurin-17.0.10+7 (17.0.10+7) (build 17.0.10+7)
# Java VM: OpenJDK 64-Bit Server VM Temurin-17.0.10+7 (17.0.10+7, mixed mode, tiered, compressed oops, compressed class ptrs, parallel gc, windows-amd64)
# No core dump will be written. Minidumps are not enabled by default on client versions of Windows
#

---------------  S U M M A R Y ------------

Command Line: --add-modules=ALL-SYSTEM --add-opens=java.base/java.util=ALL-UNNAMED --add-opens=java.base/java.lang=ALL-UNNAMED --add-opens=java.base/sun.nio.fs=ALL-UNNAMED -Declipse.application=org.eclipse.jdt.ls.core.id1 -Dosgi.bundles.defaultStartLevel=4 -Declipse.product=org.eclipse.jdt.ls.core.product -Djava.import.generatesMetadataFilesAtProjectRoot=false -DDetectVMInstallationsJob.disabled=true -Dfile.encoding=utf8 -XX:+UseParallelGC -XX:GCTimeRatio=4 -XX:AdaptiveSizePolicyWeight=90 -Dsun.zip.disableMemoryMapping=true -Xmx1G -Xms100m -Xlog:disable -javaagent:c:\Users\bayue\.vscode\extensions\redhat.java-1.28.1-win32-x64\lombok\lombok-1.18.31.jar -XX:+HeapDumpOnOutOfMemoryError -XX:HeapDumpPath=c:\Users\bayue\AppData\Roaming\Code\User\workspaceStorage\9b8ffb29b693dbc440553711cef8df64\redhat.java -Daether.dependencyCollector.impl=bf c:\Users\bayue\.vscode\extensions\redhat.java-1.28.1-win32-x64\server\plugins\org.eclipse.equinox.launcher_1.6.700.v20231214-2017.jar -configuration c:\Users\bayue\AppData\Roaming\Code\User\globalStorage\redhat.java\1.28.1\config_win -data c:\Users\bayue\AppData\Roaming\Code\User\workspaceStorage\9b8ffb29b693dbc440553711cef8df64\redhat.java\jdt_ws --stdio

Host: 11th Gen Intel(R) Core(TM) i7-1165G7 @ 2.80GHz, 8 cores, 15G,  Windows 11 , 64 bit Build 22621 (10.0.22621.2506)
Time: Fri Feb 16 11:19:20 2024 SE Asia Standard Time elapsed time: 43.678300 seconds (0d 0h 0m 43s)

---------------  T H R E A D  ---------------

Current thread (0x00000208b36f0a60):  JavaThread "C2 CompilerThread0" daemon [_thread_in_native, id=43136, stack(0x0000000fbfe00000,0x0000000fbff00000)]


Current CompileTask:
C2:  43678 8695 % !   4       java.nio.file.Files::walkFileTree @ 19 (297 bytes)

Stack: [0x0000000fbfe00000,0x0000000fbff00000]
Native frames: (J=compiled Java code, j=interpreted, Vv=VM code, C=native code)
V  [jvm.dll+0x67d2c9]
V  [jvm.dll+0x834afa]
V  [jvm.dll+0x8365be]
V  [jvm.dll+0x836c23]
V  [jvm.dll+0x2477ff]
V  [jvm.dll+0xac514]
V  [jvm.dll+0xacb5c]
V  [jvm.dll+0x366782]
V  [jvm.dll+0x330bfa]
V  [jvm.dll+0x33009a]
V  [jvm.dll+0x219ef1]
V  [jvm.dll+0x219311]
V  [jvm.dll+0x1a502d]
V  [jvm.dll+0x2290de]
V  [jvm.dll+0x2272ac]
V  [jvm.dll+0x7e9bb7]
V  [jvm.dll+0x7e3fba]
V  [jvm.dll+0x67c1b5]
C  [ucrtbase.dll+0x29363]
C  [KERNEL32.DLL+0x1257d]
C  [ntdll.dll+0x5aa58]


---------------  P R O C E S S  ---------------

Threads class SMR info:
_java_thread_list=0x00000208b5e96220, length=35, elements={
0x000002089a6de300, 0x00000208ae5553f0, 0x00000208ae556560, 0x00000208b36e7f10,
0x00000208b36ea8f0, 0x00000208b36eb3c0, 0x00000208b36efdb0, 0x00000208b36f0a60,
0x00000208b37527b0, 0x00000208ae55e2a0, 0x000002089a741f90, 0x00000208b48eff20,
0x00000208b4d7dd20, 0x00000208b5177580, 0x00000208b514ee50, 0x00000208b58331b0,
0x00000208b577d030, 0x00000208b588ef80, 0x00000208b588cc10, 0x00000208b588c700,
0x00000208b588d120, 0x00000208b588bce0, 0x00000208b588d630, 0x00000208b588ea70,
0x00000208b588e560, 0x00000208b7c43a10, 0x00000208b7c46290, 0x00000208b7c44940,
0x00000208b7c467a0, 0x00000208b7c45d80, 0x00000208b7c44430, 0x00000208b7c44e50,
0x00000208b7c47be0, 0x00000208b7c471c0, 0x00000208b7c42ae0
}

Java Threads: ( => current thread )
  0x000002089a6de300 JavaThread "main" [_thread_blocked, id=60428, stack(0x0000000fbf500000,0x0000000fbf600000)]
  0x00000208ae5553f0 JavaThread "Reference Handler" daemon [_thread_blocked, id=42716, stack(0x0000000fbf800000,0x0000000fbf900000)]
  0x00000208ae556560 JavaThread "Finalizer" daemon [_thread_blocked, id=64076, stack(0x0000000fbf900000,0x0000000fbfa00000)]
  0x00000208b36e7f10 JavaThread "Signal Dispatcher" daemon [_thread_blocked, id=67932, stack(0x0000000fbfa00000,0x0000000fbfb00000)]
  0x00000208b36ea8f0 JavaThread "Attach Listener" daemon [_thread_blocked, id=64808, stack(0x0000000fbfb00000,0x0000000fbfc00000)]
  0x00000208b36eb3c0 JavaThread "Service Thread" daemon [_thread_blocked, id=43444, stack(0x0000000fbfc00000,0x0000000fbfd00000)]
  0x00000208b36efdb0 JavaThread "Monitor Deflation Thread" daemon [_thread_blocked, id=65196, stack(0x0000000fbfd00000,0x0000000fbfe00000)]
=>0x00000208b36f0a60 JavaThread "C2 CompilerThread0" daemon [_thread_in_native, id=43136, stack(0x0000000fbfe00000,0x0000000fbff00000)]
  0x00000208b37527b0 JavaThread "C1 CompilerThread0" daemon [_thread_blocked, id=55260, stack(0x0000000fbff00000,0x0000000fc0000000)]
  0x00000208ae55e2a0 JavaThread "Sweeper thread" daemon [_thread_blocked, id=33996, stack(0x0000000fc0000000,0x0000000fc0100000)]
  0x000002089a741f90 JavaThread "Common-Cleaner" daemon [_thread_blocked, id=21420, stack(0x0000000fc0100000,0x0000000fc0200000)]
  0x00000208b48eff20 JavaThread "Notification Thread" daemon [_thread_blocked, id=14368, stack(0x0000000fc0200000,0x0000000fc0300000)]
  0x00000208b4d7dd20 JavaThread "Active Thread: Equinox Container: 0fa7ad0e-4c4c-4a44-95ba-fd08f675ff8e" [_thread_blocked, id=65884, stack(0x0000000fc0c00000,0x0000000fc0d00000)]
  0x00000208b5177580 JavaThread "Framework Event Dispatcher: Equinox Container: 0fa7ad0e-4c4c-4a44-95ba-fd08f675ff8e" daemon [_thread_blocked, id=59704, stack(0x0000000fc0500000,0x0000000fc0600000)]
  0x00000208b514ee50 JavaThread "Start Level: Equinox Container: 0fa7ad0e-4c4c-4a44-95ba-fd08f675ff8e" daemon [_thread_blocked, id=60488, stack(0x0000000fc0d00000,0x0000000fc0e00000)]
  0x00000208b58331b0 JavaThread "Bundle File Closer" daemon [_thread_blocked, id=10536, stack(0x0000000fc0f00000,0x0000000fc1000000)]
  0x00000208b577d030 JavaThread "SCR Component Actor" daemon [_thread_blocked, id=46436, stack(0x0000000fc1000000,0x0000000fc1100000)]
  0x00000208b588ef80 JavaThread "Worker-JM" [_thread_blocked, id=43984, stack(0x0000000fc1200000,0x0000000fc1300000)]
  0x00000208b588cc10 JavaThread "Worker-0" [_thread_blocked, id=67924, stack(0x0000000fc1300000,0x0000000fc1400000)]
  0x00000208b588c700 JavaThread "Worker-1: Shutdown..." [_thread_in_native, id=44396, stack(0x0000000fc1400000,0x0000000fc1500000)]
  0x00000208b588d120 JavaThread "Java indexing" daemon [_thread_in_native, id=60648, stack(0x0000000fc1500000,0x0000000fc1600000)]
  0x00000208b588bce0 JavaThread "JNA Cleaner" daemon [_thread_blocked, id=34836, stack(0x0000000fc1600000,0x0000000fc1700000)]
  0x00000208b588d630 JavaThread "Worker-2" [_thread_blocked, id=48924, stack(0x0000000fc1700000,0x0000000fc1800000)]
  0x00000208b588ea70 JavaThread "pool-2-thread-1" [_thread_blocked, id=50444, stack(0x0000000fc1800000,0x0000000fc1900000)]
  0x00000208b588e560 JavaThread "WorkspaceEventsHandler" [_thread_blocked, id=61180, stack(0x0000000fc1900000,0x0000000fc1a00000)]
  0x00000208b7c43a10 JavaThread "pool-1-thread-1" [_thread_in_native, id=47716, stack(0x0000000fc1a00000,0x0000000fc1b00000)]
  0x00000208b7c46290 JavaThread "Worker-3" [_thread_blocked, id=47944, stack(0x0000000fc1b00000,0x0000000fc1c00000)]
  0x00000208b7c44940 JavaThread "Timer-0" [_thread_blocked, id=24140, stack(0x0000000fc1c00000,0x0000000fc1d00000)]
  0x00000208b7c467a0 JavaThread "Worker-4: Initialize workspace" [_thread_blocked, id=68168, stack(0x0000000fc1e00000,0x0000000fc1f00000)]
  0x00000208b7c45d80 JavaThread "Exec process" [_thread_blocked, id=6100, stack(0x0000000fc1f00000,0x0000000fc2000000)]
  0x00000208b7c44430 JavaThread "Exec process Thread 2" [_thread_blocked, id=62448, stack(0x0000000fc2000000,0x0000000fc2100000)]
  0x00000208b7c44e50 JavaThread "Exec process Thread 3" [_thread_blocked, id=47564, stack(0x0000000fc2100000,0x0000000fc2200000)]
  0x00000208b7c47be0 JavaThread "Timer-1" [_thread_blocked, id=26240, stack(0x0000000fc1d00000,0x0000000fc1e00000)]
  0x00000208b7c471c0 JavaThread "ForkJoinPool.commonPool-worker-1" daemon [_thread_in_Java, id=64932, stack(0x0000000fc2200000,0x0000000fc2300000)]
  0x00000208b7c42ae0 JavaThread "ForkJoinPool.commonPool-worker-2" daemon [_thread_blocked, id=50052, stack(0x0000000fc2300000,0x0000000fc2400000)]

Other Threads:
  0x00000208ae550970 VMThread "VM Thread" [stack: 0x0000000fbf700000,0x0000000fbf800000] [id=52264]
  0x00000208b3a6ecf0 WatcherThread [stack: 0x0000000fc0300000,0x0000000fc0400000] [id=20640]
  0x000002089a6f4980 GCTaskThread "GC Thread#0" [stack: 0x0000000fbf600000,0x0000000fbf700000] [id=55248]
  0x00000208b4e43040 GCTaskThread "GC Thread#1" [stack: 0x0000000fc0600000,0x0000000fc0700000] [id=25636]
  0x00000208b4fa3070 GCTaskThread "GC Thread#2" [stack: 0x0000000fc0700000,0x0000000fc0800000] [id=59548]
  0x00000208b4e2fe60 GCTaskThread "GC Thread#3" [stack: 0x0000000fc0800000,0x0000000fc0900000] [id=59852]
  0x00000208b4fc0d30 GCTaskThread "GC Thread#4" [stack: 0x0000000fc0900000,0x0000000fc0a00000] [id=26236]
  0x00000208b4fd4e40 GCTaskThread "GC Thread#5" [stack: 0x0000000fc0a00000,0x0000000fc0b00000] [id=46912]
  0x00000208b4fd5100 GCTaskThread "GC Thread#6" [stack: 0x0000000fc0b00000,0x0000000fc0c00000] [id=69896]
  0x00000208b52ffe40 GCTaskThread "GC Thread#7" [stack: 0x0000000fc0e00000,0x0000000fc0f00000] [id=44192]

Threads with active compile tasks:
C2 CompilerThread0    43712 8695 % !   4       java.nio.file.Files::walkFileTree @ 19 (297 bytes)
C1 CompilerThread0    43712 8814       3       java.util.ImmutableCollections$ListItr::<init> (25 bytes)

VM state: not at safepoint (normal execution)

VM Mutex/Monitor currently owned by a thread: None

Heap address: 0x00000000c0000000, size: 1024 MB, Compressed Oops mode: 32-bit

CDS archive(s) not mapped
Compressed class space mapped at: 0x0000000100000000-0x0000000140000000, reserved size: 1073741824
Narrow klass base: 0x0000000000000000, Narrow klass shift: 3, Narrow klass range: 0x140000000

GC Precious Log:
 CPUs: 8 total, 8 available
 Memory: 16167M
 Large Page Support: Disabled
 NUMA Support: Disabled
 Compressed Oops: Enabled (32-bit)
 Alignments: Space 512K, Generation 512K, Heap 2M
 Heap Min Capacity: 100M
 Heap Initial Capacity: 100M
 Heap Max Capacity: 1G
 Pre-touch: Disabled
 Parallel Workers: 8

Heap:
 PSYoungGen      total 28160K, used 24061K [0x00000000eab00000, 0x00000000ed500000, 0x0000000100000000)
  eden space 27648K, 86% used [0x00000000eab00000,0x00000000ec24f7a0,0x00000000ec600000)
  from space 512K, 37% used [0x00000000ed480000,0x00000000ed4b0000,0x00000000ed500000)
  to   space 512K, 0% used [0x00000000ed400000,0x00000000ed400000,0x00000000ed480000)
 ParOldGen       total 224768K, used 175022K [0x00000000c0000000, 0x00000000cdb80000, 0x00000000eab00000)
  object space 224768K, 77% used [0x00000000c0000000,0x00000000caaeba18,0x00000000cdb80000)
 Metaspace       used 64351K, committed 65472K, reserved 1114112K
  class space    used 7431K, committed 7936K, reserved 1048576K

Card table byte_map: [0x000002089a070000,0x000002089a280000] _byte_map_base: 0x0000020899a70000

Marking Bits: (ParMarkBitMap*) 0x00007ffd5a08d7d0
 Begin Bits: [0x00000208ac360000, 0x00000208ad360000)
 End Bits:   [0x00000208ad360000, 0x00000208ae360000)

Polling page: 0x00000208986b0000

Metaspace:

Usage:
  Non-class:     55.60 MB used.
      Class:      7.26 MB used.
       Both:     62.86 MB used.

Virtual space:
  Non-class space:       64.00 MB reserved,      56.19 MB ( 88%) committed,  1 nodes.
      Class space:        1.00 GB reserved,       7.75 MB ( <1%) committed,  1 nodes.
             Both:        1.06 GB reserved,      63.94 MB (  6%) committed. 

Chunk freelists:
   Non-Class:  7.28 MB
       Class:  8.28 MB
        Both:  15.57 MB

MaxMetaspaceSize: unlimited
CompressedClassSpaceSize: 1.00 GB
Initial GC threshold: 21.00 MB
Current GC threshold: 105.44 MB
CDS: off
MetaspaceReclaimPolicy: balanced
 - commit_granule_bytes: 65536.
 - commit_granule_words: 8192.
 - virtual_space_node_default_size: 8388608.
 - enlarge_chunks_in_place: 1.
 - new_chunks_are_fully_committed: 0.
 - uncommit_free_chunks: 1.
 - use_allocation_guard: 0.
 - handle_deallocations: 1.


Internal statistics:

num_allocs_failed_limit: 9.
num_arena_births: 640.
num_arena_deaths: 14.
num_vsnodes_births: 2.
num_vsnodes_deaths: 0.
num_space_committed: 1023.
num_space_uncommitted: 0.
num_chunks_returned_to_freelist: 23.
num_chunks_taken_from_freelist: 3067.
num_chunk_merges: 11.
num_chunk_splits: 1986.
num_chunks_enlarged: 1283.
num_inconsistent_stats: 0.

CodeHeap 'non-profiled nmethods': size=120000Kb used=5892Kb max_used=5892Kb free=114107Kb
 bounds [0x00000208a4e30000, 0x00000208a5400000, 0x00000208ac360000]
CodeHeap 'profiled nmethods': size=120000Kb used=13750Kb max_used=14045Kb free=106249Kb
 bounds [0x000002089d360000, 0x000002089e130000, 0x00000208a4890000]
CodeHeap 'non-nmethods': size=5760Kb used=1330Kb max_used=1386Kb free=4429Kb
 bounds [0x00000208a4890000, 0x00000208a4b00000, 0x00000208a4e30000]
 total_blobs=7817 nmethods=7163 adapters=568
 compilation: enabled
              stopped_count=0, restarted_count=0
 full_count=0

Compilation events (20 events):
Event: 43.655 Thread 0x00000208b37527b0 8771       1       org.eclipse.text.templates.TemplatePersistenceData::isEnabled (5 bytes)
Event: 43.655 Thread 0x00000208b37527b0 nmethod 8771 0x00000208a53efb90 code [0x00000208a53efd20, 0x00000208a53efdf8]
Event: 43.656 Thread 0x00000208b37527b0 8775       3       com.google.gson.internal.bind.ReflectiveTypeAdapterFactory$1::<init> (64 bytes)
Event: 43.656 Thread 0x00000208b37527b0 nmethod 8775 0x000002089d7e8e90 code [0x000002089d7e9040, 0x000002089d7e9338]
Event: 43.656 Thread 0x00000208b37527b0 8776   !   3       com.google.gson.internal.bind.ReflectiveTypeAdapterFactory$1::write (184 bytes)
Event: 43.658 Thread 0x00000208b37527b0 nmethod 8776 0x000002089d7e6d10 code [0x000002089d7e70a0, 0x000002089d7e8598]
Event: 43.658 Thread 0x00000208b37527b0 8777       3       com.google.gson.stream.JsonWriter::open (19 bytes)
Event: 43.658 Thread 0x00000208b37527b0 nmethod 8777 0x000002089d7e6790 code [0x000002089d7e6940, 0x000002089d7e6ba8]
Event: 43.658 Thread 0x00000208b37527b0 8778       3       com.google.gson.stream.JsonWriter::close (95 bytes)
Event: 43.658 Thread 0x00000208b37527b0 nmethod 8778 0x000002089dfc2890 code [0x000002089dfc2b20, 0x000002089dfc35d8]
Event: 43.658 Thread 0x00000208b37527b0 8779       1       org.eclipse.lsp4j.jsonrpc.messages.Either::getLeft (5 bytes)
Event: 43.659 Thread 0x00000208b37527b0 nmethod 8779 0x00000208a53efe90 code [0x00000208a53f0020, 0x00000208a53f00f8]
Event: 43.660 Thread 0x00000208b37527b0 8780       3       org.eclipse.jdt.internal.core.index.DiskIndex::readStreamBuffer (76 bytes)
Event: 43.660 Thread 0x00000208b37527b0 nmethod 8780 0x000002089d7e5f90 code [0x000002089d7e6160, 0x000002089d7e6608]
Event: 43.661 Thread 0x00000208b37527b0 8781       3       org.eclipse.jdt.internal.core.index.DiskIndex::readStreamDocumentArray (267 bytes)
Event: 43.662 Thread 0x00000208b37527b0 nmethod 8781 0x000002089dfc1810 code [0x000002089dfc1a40, 0x000002089dfc24e8]
Event: 43.662 Thread 0x00000208b37527b0 8782       3       com.google.gson.internal.bind.TypeAdapterRuntimeTypeWrapper::write (80 bytes)
Event: 43.663 Thread 0x00000208b37527b0 nmethod 8782 0x000002089dfc0390 code [0x000002089dfc0600, 0x000002089dfc1458]
Event: 43.663 Thread 0x00000208b37527b0 8783       3       com.google.gson.internal.bind.TypeAdapterRuntimeTypeWrapper::getRuntimeTypeIfMoreSpecific (25 bytes)
Event: 43.663 Thread 0x00000208b37527b0 nmethod 8783 0x000002089dfbfc90 code [0x000002089dfbfe40, 0x000002089dfc01f8]

GC Heap History (20 events):
Event: 35.307 GC heap before
{Heap before GC invocations=104 (full 11):
 PSYoungGen      total 35840K, used 32768K [0x00000000eab00000, 0x00000000ed900000, 0x0000000100000000)
  eden space 32768K, 100% used [0x00000000eab00000,0x00000000ecb00000,0x00000000ecb00000)
  from space 3072K, 0% used [0x00000000ed600000,0x00000000ed600000,0x00000000ed900000)
  to   space 7168K, 0% used [0x00000000ecb00000,0x00000000ecb00000,0x00000000ed200000)
 ParOldGen       total 224768K, used 174974K [0x00000000c0000000, 0x00000000cdb80000, 0x00000000eab00000)
  object space 224768K, 77% used [0x00000000c0000000,0x00000000caadfa18,0x00000000cdb80000)
 Metaspace       used 63739K, committed 64832K, reserved 1114112K
  class space    used 7351K, committed 7808K, reserved 1048576K
}
Event: 35.310 GC heap after
{Heap after GC invocations=104 (full 11):
 PSYoungGen      total 39424K, used 160K [0x00000000eab00000, 0x00000000ed680000, 0x0000000100000000)
  eden space 32256K, 0% used [0x00000000eab00000,0x00000000eab00000,0x00000000eca80000)
  from space 7168K, 2% used [0x00000000ecb00000,0x00000000ecb28000,0x00000000ed200000)
  to   space 2048K, 0% used [0x00000000ed480000,0x00000000ed480000,0x00000000ed680000)
 ParOldGen       total 224768K, used 174974K [0x00000000c0000000, 0x00000000cdb80000, 0x00000000eab00000)
  object space 224768K, 77% used [0x00000000c0000000,0x00000000caadfa18,0x00000000cdb80000)
 Metaspace       used 63739K, committed 64832K, reserved 1114112K
  class space    used 7351K, committed 7808K, reserved 1048576K
}
Event: 36.013 GC heap before
{Heap before GC invocations=105 (full 11):
 PSYoungGen      total 39424K, used 32416K [0x00000000eab00000, 0x00000000ed680000, 0x0000000100000000)
  eden space 32256K, 100% used [0x00000000eab00000,0x00000000eca80000,0x00000000eca80000)
  from space 7168K, 2% used [0x00000000ecb00000,0x00000000ecb28000,0x00000000ed200000)
  to   space 2048K, 0% used [0x00000000ed480000,0x00000000ed480000,0x00000000ed680000)
 ParOldGen       total 224768K, used 174974K [0x00000000c0000000, 0x00000000cdb80000, 0x00000000eab00000)
  object space 224768K, 77% used [0x00000000c0000000,0x00000000caadfa18,0x00000000cdb80000)
 Metaspace       used 63739K, committed 64832K, reserved 1114112K
  class space    used 7351K, committed 7808K, reserved 1048576K
}
Event: 36.015 GC heap after
{Heap after GC invocations=105 (full 11):
 PSYoungGen      total 32256K, used 192K [0x00000000eab00000, 0x00000000ed500000, 0x0000000100000000)
  eden space 31744K, 0% used [0x00000000eab00000,0x00000000eab00000,0x00000000eca00000)
  from space 512K, 37% used [0x00000000ed480000,0x00000000ed4b0000,0x00000000ed500000)
  to   space 512K, 0% used [0x00000000ed400000,0x00000000ed400000,0x00000000ed480000)
 ParOldGen       total 224768K, used 175014K [0x00000000c0000000, 0x00000000cdb80000, 0x00000000eab00000)
  object space 224768K, 77% used [0x00000000c0000000,0x00000000caae9a18,0x00000000cdb80000)
 Metaspace       used 63739K, committed 64832K, reserved 1114112K
  class space    used 7351K, committed 7808K, reserved 1048576K
}
Event: 36.887 GC heap before
{Heap before GC invocations=106 (full 11):
 PSYoungGen      total 32256K, used 31936K [0x00000000eab00000, 0x00000000ed500000, 0x0000000100000000)
  eden space 31744K, 100% used [0x00000000eab00000,0x00000000eca00000,0x00000000eca00000)
  from space 512K, 37% used [0x00000000ed480000,0x00000000ed4b0000,0x00000000ed500000)
  to   space 512K, 0% used [0x00000000ed400000,0x00000000ed400000,0x00000000ed480000)
 ParOldGen       total 224768K, used 175014K [0x00000000c0000000, 0x00000000cdb80000, 0x00000000eab00000)
  object space 224768K, 77% used [0x00000000c0000000,0x00000000caae9a18,0x00000000cdb80000)
 Metaspace       used 63739K, committed 64832K, reserved 1114112K
  class space    used 7351K, committed 7808K, reserved 1048576K
}
Event: 36.887 GC heap after
{Heap after GC invocations=106 (full 11):
 PSYoungGen      total 31744K, used 160K [0x00000000eab00000, 0x00000000ed500000, 0x0000000100000000)
  eden space 31232K, 0% used [0x00000000eab00000,0x00000000eab00000,0x00000000ec980000)
  from space 512K, 31% used [0x00000000ed400000,0x00000000ed428000,0x00000000ed480000)
  to   space 512K, 0% used [0x00000000ed480000,0x00000000ed480000,0x00000000ed500000)
 ParOldGen       total 224768K, used 175014K [0x00000000c0000000, 0x00000000cdb80000, 0x00000000eab00000)
  object space 224768K, 77% used [0x00000000c0000000,0x00000000caae9a18,0x00000000cdb80000)
 Metaspace       used 63739K, committed 64832K, reserved 1114112K
  class space    used 7351K, committed 7808K, reserved 1048576K
}
Event: 37.770 GC heap before
{Heap before GC invocations=107 (full 11):
 PSYoungGen      total 31744K, used 31392K [0x00000000eab00000, 0x00000000ed500000, 0x0000000100000000)
  eden space 31232K, 100% used [0x00000000eab00000,0x00000000ec980000,0x00000000ec980000)
  from space 512K, 31% used [0x00000000ed400000,0x00000000ed428000,0x00000000ed480000)
  to   space 512K, 0% used [0x00000000ed480000,0x00000000ed480000,0x00000000ed500000)
 ParOldGen       total 224768K, used 175014K [0x00000000c0000000, 0x00000000cdb80000, 0x00000000eab00000)
  object space 224768K, 77% used [0x00000000c0000000,0x00000000caae9a18,0x00000000cdb80000)
 Metaspace       used 63756K, committed 64832K, reserved 1114112K
  class space    used 7353K, committed 7808K, reserved 1048576K
}
Event: 37.771 GC heap after
{Heap after GC invocations=107 (full 11):
 PSYoungGen      total 31232K, used 256K [0x00000000eab00000, 0x00000000ed500000, 0x0000000100000000)
  eden space 30720K, 0% used [0x00000000eab00000,0x00000000eab00000,0x00000000ec900000)
  from space 512K, 50% used [0x00000000ed480000,0x00000000ed4c0000,0x00000000ed500000)
  to   space 512K, 0% used [0x00000000ed400000,0x00000000ed400000,0x00000000ed480000)
 ParOldGen       total 224768K, used 175022K [0x00000000c0000000, 0x00000000cdb80000, 0x00000000eab00000)
  object space 224768K, 77% used [0x00000000c0000000,0x00000000caaeba18,0x00000000cdb80000)
 Metaspace       used 63756K, committed 64832K, reserved 1114112K
  class space    used 7353K, committed 7808K, reserved 1048576K
}
Event: 39.560 GC heap before
{Heap before GC invocations=108 (full 11):
 PSYoungGen      total 31232K, used 30976K [0x00000000eab00000, 0x00000000ed500000, 0x0000000100000000)
  eden space 30720K, 100% used [0x00000000eab00000,0x00000000ec900000,0x00000000ec900000)
  from space 512K, 50% used [0x00000000ed480000,0x00000000ed4c0000,0x00000000ed500000)
  to   space 512K, 0% used [0x00000000ed400000,0x00000000ed400000,0x00000000ed480000)
 ParOldGen       total 224768K, used 175022K [0x00000000c0000000, 0x00000000cdb80000, 0x00000000eab00000)
  object space 224768K, 77% used [0x00000000c0000000,0x00000000caaeba18,0x00000000cdb80000)
 Metaspace       used 63766K, committed 64832K, reserved 1114112K
  class space    used 7354K, committed 7808K, reserved 1048576K
}
Event: 39.562 GC heap after
{Heap after GC invocations=108 (full 11):
 PSYoungGen      total 30720K, used 224K [0x00000000eab00000, 0x00000000ed500000, 0x0000000100000000)
  eden space 30208K, 0% used [0x00000000eab00000,0x00000000eab00000,0x00000000ec880000)
  from space 512K, 43% used [0x00000000ed400000,0x00000000ed438000,0x00000000ed480000)
  to   space 512K, 0% used [0x00000000ed480000,0x00000000ed480000,0x00000000ed500000)
 ParOldGen       total 224768K, used 175022K [0x00000000c0000000, 0x00000000cdb80000, 0x00000000eab00000)
  object space 224768K, 77% used [0x00000000c0000000,0x00000000caaeba18,0x00000000cdb80000)
 Metaspace       used 63766K, committed 64832K, reserved 1114112K
  class space    used 7354K, committed 7808K, reserved 1048576K
}
Event: 40.565 GC heap before
{Heap before GC invocations=109 (full 11):
 PSYoungGen      total 30720K, used 30432K [0x00000000eab00000, 0x00000000ed500000, 0x0000000100000000)
  eden space 30208K, 100% used [0x00000000eab00000,0x00000000ec880000,0x00000000ec880000)
  from space 512K, 43% used [0x00000000ed400000,0x00000000ed438000,0x00000000ed480000)
  to   space 512K, 0% used [0x00000000ed480000,0x00000000ed480000,0x00000000ed500000)
 ParOldGen       total 224768K, used 175022K [0x00000000c0000000, 0x00000000cdb80000, 0x00000000eab00000)
  object space 224768K, 77% used [0x00000000c0000000,0x00000000caaeba18,0x00000000cdb80000)
 Metaspace       used 63766K, committed 64832K, reserved 1114112K
  class space    used 7354K, committed 7808K, reserved 1048576K
}
Event: 40.566 GC heap after
{Heap after GC invocations=109 (full 11):
 PSYoungGen      total 30208K, used 192K [0x00000000eab00000, 0x00000000ed500000, 0x0000000100000000)
  eden space 29696K, 0% used [0x00000000eab00000,0x00000000eab00000,0x00000000ec800000)
  from space 512K, 37% used [0x00000000ed480000,0x00000000ed4b0000,0x00000000ed500000)
  to   space 512K, 0% used [0x00000000ed400000,0x00000000ed400000,0x00000000ed480000)
 ParOldGen       total 224768K, used 175022K [0x00000000c0000000, 0x00000000cdb80000, 0x00000000eab00000)
  object space 224768K, 77% used [0x00000000c0000000,0x00000000caaeba18,0x00000000cdb80000)
 Metaspace       used 63766K, committed 64832K, reserved 1114112K
  class space    used 7354K, committed 7808K, reserved 1048576K
}
Event: 41.452 GC heap before
{Heap before GC invocations=110 (full 11):
 PSYoungGen      total 30208K, used 29888K [0x00000000eab00000, 0x00000000ed500000, 0x0000000100000000)
  eden space 29696K, 100% used [0x00000000eab00000,0x00000000ec800000,0x00000000ec800000)
  from space 512K, 37% used [0x00000000ed480000,0x00000000ed4b0000,0x00000000ed500000)
  to   space 512K, 0% used [0x00000000ed400000,0x00000000ed400000,0x00000000ed480000)
 ParOldGen       total 224768K, used 175022K [0x00000000c0000000, 0x00000000cdb80000, 0x00000000eab00000)
  object space 224768K, 77% used [0x00000000c0000000,0x00000000caaeba18,0x00000000cdb80000)
 Metaspace       used 63766K, committed 64832K, reserved 1114112K
  class space    used 7354K, committed 7808K, reserved 1048576K
}
Event: 41.453 GC heap after
{Heap after GC invocations=110 (full 11):
 PSYoungGen      total 29696K, used 192K [0x00000000eab00000, 0x00000000ed500000, 0x0000000100000000)
  eden space 29184K, 0% used [0x00000000eab00000,0x00000000eab00000,0x00000000ec780000)
  from space 512K, 37% used [0x00000000ed400000,0x00000000ed430000,0x00000000ed480000)
  to   space 512K, 0% used [0x00000000ed480000,0x00000000ed480000,0x00000000ed500000)
 ParOldGen       total 224768K, used 175022K [0x00000000c0000000, 0x00000000cdb80000, 0x00000000eab00000)
  object space 224768K, 77% used [0x00000000c0000000,0x00000000caaeba18,0x00000000cdb80000)
 Metaspace       used 63766K, committed 64832K, reserved 1114112K
  class space    used 7354K, committed 7808K, reserved 1048576K
}
Event: 42.188 GC heap before
{Heap before GC invocations=111 (full 11):
 PSYoungGen      total 29696K, used 29376K [0x00000000eab00000, 0x00000000ed500000, 0x0000000100000000)
  eden space 29184K, 100% used [0x00000000eab00000,0x00000000ec780000,0x00000000ec780000)
  from space 512K, 37% used [0x00000000ed400000,0x00000000ed430000,0x00000000ed480000)
  to   space 512K, 0% used [0x00000000ed480000,0x00000000ed480000,0x00000000ed500000)
 ParOldGen       total 224768K, used 175022K [0x00000000c0000000, 0x00000000cdb80000, 0x00000000eab00000)
  object space 224768K, 77% used [0x00000000c0000000,0x00000000caaeba18,0x00000000cdb80000)
 Metaspace       used 63768K, committed 64832K, reserved 1114112K
  class space    used 7354K, committed 7808K, reserved 1048576K
}
Event: 42.188 GC heap after
{Heap after GC invocations=111 (full 11):
 PSYoungGen      total 29184K, used 224K [0x00000000eab00000, 0x00000000ed500000, 0x0000000100000000)
  eden space 28672K, 0% used [0x00000000eab00000,0x00000000eab00000,0x00000000ec700000)
  from space 512K, 43% used [0x00000000ed480000,0x00000000ed4b8000,0x00000000ed500000)
  to   space 512K, 0% used [0x00000000ed400000,0x00000000ed400000,0x00000000ed480000)
 ParOldGen       total 224768K, used 175022K [0x00000000c0000000, 0x00000000cdb80000, 0x00000000eab00000)
  object space 224768K, 77% used [0x00000000c0000000,0x00000000caaeba18,0x00000000cdb80000)
 Metaspace       used 63768K, committed 64832K, reserved 1114112K
  class space    used 7354K, committed 7808K, reserved 1048576K
}
Event: 43.118 GC heap before
{Heap before GC invocations=112 (full 11):
 PSYoungGen      total 29184K, used 28896K [0x00000000eab00000, 0x00000000ed500000, 0x0000000100000000)
  eden space 28672K, 100% used [0x00000000eab00000,0x00000000ec700000,0x00000000ec700000)
  from space 512K, 43% used [0x00000000ed480000,0x00000000ed4b8000,0x00000000ed500000)
  to   space 512K, 0% used [0x00000000ed400000,0x00000000ed400000,0x00000000ed480000)
 ParOldGen       total 224768K, used 175022K [0x00000000c0000000, 0x00000000cdb80000, 0x00000000eab00000)
  object space 224768K, 77% used [0x00000000c0000000,0x00000000caaeba18,0x00000000cdb80000)
 Metaspace       used 63779K, committed 64832K, reserved 1114112K
  class space    used 7355K, committed 7808K, reserved 1048576K
}
Event: 43.119 GC heap after
{Heap after GC invocations=112 (full 11):
 PSYoungGen      total 28672K, used 192K [0x00000000eab00000, 0x00000000ed500000, 0x0000000100000000)
  eden space 28160K, 0% used [0x00000000eab00000,0x00000000eab00000,0x00000000ec680000)
  from space 512K, 37% used [0x00000000ed400000,0x00000000ed430000,0x00000000ed480000)
  to   space 512K, 0% used [0x00000000ed480000,0x00000000ed480000,0x00000000ed500000)
 ParOldGen       total 224768K, used 175022K [0x00000000c0000000, 0x00000000cdb80000, 0x00000000eab00000)
  object space 224768K, 77% used [0x00000000c0000000,0x00000000caaeba18,0x00000000cdb80000)
 Metaspace       used 63779K, committed 64832K, reserved 1114112K
  class space    used 7355K, committed 7808K, reserved 1048576K
}
Event: 43.568 GC heap before
{Heap before GC invocations=113 (full 11):
 PSYoungGen      total 28672K, used 28352K [0x00000000eab00000, 0x00000000ed500000, 0x0000000100000000)
  eden space 28160K, 100% used [0x00000000eab00000,0x00000000ec680000,0x00000000ec680000)
  from space 512K, 37% used [0x00000000ed400000,0x00000000ed430000,0x00000000ed480000)
  to   space 512K, 0% used [0x00000000ed480000,0x00000000ed480000,0x00000000ed500000)
 ParOldGen       total 224768K, used 175022K [0x00000000c0000000, 0x00000000cdb80000, 0x00000000eab00000)
  object space 224768K, 77% used [0x00000000c0000000,0x00000000caaeba18,0x00000000cdb80000)
 Metaspace       used 63836K, committed 64896K, reserved 1114112K
  class space    used 7363K, committed 7808K, reserved 1048576K
}
Event: 43.569 GC heap after
{Heap after GC invocations=113 (full 11):
 PSYoungGen      total 28160K, used 192K [0x00000000eab00000, 0x00000000ed500000, 0x0000000100000000)
  eden space 27648K, 0% used [0x00000000eab00000,0x00000000eab00000,0x00000000ec600000)
  from space 512K, 37% used [0x00000000ed480000,0x00000000ed4b0000,0x00000000ed500000)
  to   space 512K, 0% used [0x00000000ed400000,0x00000000ed400000,0x00000000ed480000)
 ParOldGen       total 224768K, used 175022K [0x00000000c0000000, 0x00000000cdb80000, 0x00000000eab00000)
  object space 224768K, 77% used [0x00000000c0000000,0x00000000caaeba18,0x00000000cdb80000)
 Metaspace       used 63836K, committed 64896K, reserved 1114112K
  class space    used 7363K, committed 7808K, reserved 1048576K
}

Dll operation events (15 events):
Event: 0.013 Loaded shared library c:\Users\bayue\.vscode\extensions\redhat.java-1.28.1-win32-x64\jre\17.0.10-win32-x86_64\bin\java.dll
Event: 0.219 Loaded shared library c:\Users\bayue\.vscode\extensions\redhat.java-1.28.1-win32-x64\jre\17.0.10-win32-x86_64\bin\zip.dll
Event: 0.222 Loaded shared library C:\Users\bayue\.vscode\extensions\redhat.java-1.28.1-win32-x64\jre\17.0.10-win32-x86_64\bin\instrument.dll
Event: 0.242 Loaded shared library C:\Users\bayue\.vscode\extensions\redhat.java-1.28.1-win32-x64\jre\17.0.10-win32-x86_64\bin\net.dll
Event: 0.246 Loaded shared library C:\Users\bayue\.vscode\extensions\redhat.java-1.28.1-win32-x64\jre\17.0.10-win32-x86_64\bin\nio.dll
Event: 0.253 Loaded shared library C:\Users\bayue\.vscode\extensions\redhat.java-1.28.1-win32-x64\jre\17.0.10-win32-x86_64\bin\zip.dll
Event: 0.277 Loaded shared library C:\Users\bayue\.vscode\extensions\redhat.java-1.28.1-win32-x64\jre\17.0.10-win32-x86_64\bin\jimage.dll
Event: 0.379 Loaded shared library c:\Users\bayue\.vscode\extensions\redhat.java-1.28.1-win32-x64\jre\17.0.10-win32-x86_64\bin\verify.dll
Event: 1.788 Loaded shared library C:\Users\bayue\AppData\Roaming\Code\User\globalStorage\redhat.java\1.28.1\config_win\org.eclipse.equinox.launcher\org.eclipse.equinox.launcher.win32.win32.x86_64_1.2.900.v20240129-1338\eclipse_11900.dll
Event: 4.458 Loaded shared library C:\Users\bayue\AppData\Local\Temp\jna-93514794\jna11387845173944343554.dll
Event: 6.954 Loaded shared library C:\Users\bayue\.gradle\native\68d5fa5c4cc2d200863cafc0d521ce42e7d3e7ee720ec0a83991735586a16f82\windows-amd64\native-platform.dll
Event: 7.730 Loaded shared library C:\Users\bayue\.vscode\extensions\redhat.java-1.28.1-win32-x64\jre\17.0.10-win32-x86_64\bin\management.dll
Event: 7.733 Loaded shared library C:\Users\bayue\.vscode\extensions\redhat.java-1.28.1-win32-x64\jre\17.0.10-win32-x86_64\bin\management_ext.dll
Event: 8.611 Loaded shared library C:\Users\bayue\.vscode\extensions\redhat.java-1.28.1-win32-x64\jre\17.0.10-win32-x86_64\bin\extnet.dll
Event: 10.976 Loaded shared library C:\Users\bayue\.vscode\extensions\redhat.java-1.28.1-win32-x64\jre\17.0.10-win32-x86_64\bin\sunmscapi.dll

Deoptimization events (20 events):
Event: 43.639 Thread 0x00000208b588cc10 Uncommon trap: trap_request=0xffffffcc fr.pc=0x00000208a50af44c relative=0x000000000000102c
Event: 43.639 Thread 0x00000208b588cc10 Uncommon trap: reason=intrinsic_or_type_checked_inlining action=make_not_entrant pc=0x00000208a50af44c method=java.util.ArrayList.toArray([Ljava/lang/Object;)[Ljava/lang/Object; @ 36 c2
Event: 43.639 Thread 0x00000208b588cc10 DEOPT PACKING pc=0x00000208a50af44c sp=0x0000000fc13fdd20
Event: 43.639 Thread 0x00000208b588cc10 DEOPT UNPACKING pc=0x00000208a48e9ea3 sp=0x0000000fc13fdc58 mode 2
Event: 43.646 Thread 0x00000208b7c43a10 Uncommon trap: trap_request=0xffffffc6 fr.pc=0x00000208a4f201e8 relative=0x0000000000000288
Event: 43.646 Thread 0x00000208b7c43a10 Uncommon trap: reason=bimorphic_or_optimized_type_check action=maybe_recompile pc=0x00000208a4f201e8 method=com.google.gson.internal.bind.TypeAdapterRuntimeTypeWrapper.read(Lcom/google/gson/stream/JsonReader;)Ljava/lang/Object; @ 5 c2
Event: 43.646 Thread 0x00000208b7c43a10 DEOPT PACKING pc=0x00000208a4f201e8 sp=0x0000000fc1afdb30
Event: 43.646 Thread 0x00000208b7c43a10 DEOPT UNPACKING pc=0x00000208a48e9ea3 sp=0x0000000fc1afdab8 mode 2
Event: 43.646 Thread 0x00000208b7c43a10 Uncommon trap: trap_request=0xffffffc6 fr.pc=0x00000208a4f201e8 relative=0x0000000000000288
Event: 43.647 Thread 0x00000208b7c43a10 Uncommon trap: reason=bimorphic_or_optimized_type_check action=maybe_recompile pc=0x00000208a4f201e8 method=com.google.gson.internal.bind.TypeAdapterRuntimeTypeWrapper.read(Lcom/google/gson/stream/JsonReader;)Ljava/lang/Object; @ 5 c2
Event: 43.647 Thread 0x00000208b7c43a10 DEOPT PACKING pc=0x00000208a4f201e8 sp=0x0000000fc1afdb30
Event: 43.647 Thread 0x00000208b7c43a10 DEOPT UNPACKING pc=0x00000208a48e9ea3 sp=0x0000000fc1afdab8 mode 2
Event: 43.648 Thread 0x00000208b7c43a10 Uncommon trap: trap_request=0xffffffbe fr.pc=0x00000208a53d349c relative=0x000000000000081c
Event: 43.648 Thread 0x00000208b7c43a10 Uncommon trap: reason=profile_predicate action=maybe_recompile pc=0x00000208a53d349c method=java.util.regex.Pattern$BnM.optimize(Ljava/util/regex/Pattern$Node;)Ljava/util/regex/Pattern$Node; @ 67 c2
Event: 43.648 Thread 0x00000208b7c43a10 DEOPT PACKING pc=0x00000208a53d349c sp=0x0000000fc1afd690
Event: 43.649 Thread 0x00000208b7c43a10 DEOPT UNPACKING pc=0x00000208a48e9ea3 sp=0x0000000fc1afd5c0 mode 2
Event: 43.649 Thread 0x00000208b7c43a10 Uncommon trap: trap_request=0xffffffbe fr.pc=0x00000208a53d349c relative=0x000000000000081c
Event: 43.649 Thread 0x00000208b7c43a10 Uncommon trap: reason=profile_predicate action=maybe_recompile pc=0x00000208a53d349c method=java.util.regex.Pattern$BnM.optimize(Ljava/util/regex/Pattern$Node;)Ljava/util/regex/Pattern$Node; @ 67 c2
Event: 43.649 Thread 0x00000208b7c43a10 DEOPT PACKING pc=0x00000208a53d349c sp=0x0000000fc1afd690
Event: 43.649 Thread 0x00000208b7c43a10 DEOPT UNPACKING pc=0x00000208a48e9ea3 sp=0x0000000fc1afd5c0 mode 2

Classes unloaded (7 events):
Event: 3.070 Thread 0x00000208ae550970 Unloading class 0x0000000100250400 'java/lang/invoke/LambdaForm$MH+0x0000000100250400'
Event: 3.070 Thread 0x00000208ae550970 Unloading class 0x0000000100250000 'java/lang/invoke/LambdaForm$MH+0x0000000100250000'
Event: 3.070 Thread 0x00000208ae550970 Unloading class 0x000000010024fc00 'java/lang/invoke/LambdaForm$MH+0x000000010024fc00'
Event: 3.070 Thread 0x00000208ae550970 Unloading class 0x000000010024f800 'java/lang/invoke/LambdaForm$MH+0x000000010024f800'
Event: 3.070 Thread 0x00000208ae550970 Unloading class 0x000000010024f400 'java/lang/invoke/LambdaForm$BMH+0x000000010024f400'
Event: 3.070 Thread 0x00000208ae550970 Unloading class 0x000000010024f000 'java/lang/invoke/LambdaForm$DMH+0x000000010024f000'
Event: 3.070 Thread 0x00000208ae550970 Unloading class 0x000000010024c400 'java/lang/invoke/LambdaForm$DMH+0x000000010024c400'

Classes redefined (0 events):
No events

Internal exceptions (20 events):
Event: 43.458 Thread 0x00000208b588d630 Exception <a 'sun/nio/fs/WindowsException'{0x00000000ec0e06b8}> (0x00000000ec0e06b8) 
thrown [s\src\hotspot\share\prims\jni.cpp, line 516]
Event: 43.458 Thread 0x00000208b588d630 Exception <a 'sun/nio/fs/WindowsException'{0x00000000ec0e4a80}> (0x00000000ec0e4a80) 
thrown [s\src\hotspot\share\prims\jni.cpp, line 516]
Event: 43.459 Thread 0x00000208b588d630 Exception <a 'sun/nio/fs/WindowsException'{0x00000000ec0e86f8}> (0x00000000ec0e86f8) 
thrown [s\src\hotspot\share\prims\jni.cpp, line 516]
Event: 43.459 Thread 0x00000208b588d630 Exception <a 'sun/nio/fs/WindowsException'{0x00000000ec0ec378}> (0x00000000ec0ec378) 
thrown [s\src\hotspot\share\prims\jni.cpp, line 516]
Event: 43.459 Thread 0x00000208b588d630 Exception <a 'sun/nio/fs/WindowsException'{0x00000000ec0efd58}> (0x00000000ec0efd58) 
thrown [s\src\hotspot\share\prims\jni.cpp, line 516]
Event: 43.460 Thread 0x00000208b588d630 Exception <a 'sun/nio/fs/WindowsException'{0x00000000ec0f3c58}> (0x00000000ec0f3c58) 
thrown [s\src\hotspot\share\prims\jni.cpp, line 516]
Event: 43.460 Thread 0x00000208b588d630 Exception <a 'sun/nio/fs/WindowsException'{0x00000000ec0f70b8}> (0x00000000ec0f70b8) 
thrown [s\src\hotspot\share\prims\jni.cpp, line 516]
Event: 43.604 Thread 0x00000208b588d630 Exception <a 'sun/nio/fs/WindowsException'{0x00000000ead05708}> (0x00000000ead05708) 
thrown [s\src\hotspot\share\prims\jni.cpp, line 516]
Event: 43.604 Thread 0x00000208b588d630 Exception <a 'sun/nio/fs/WindowsException'{0x00000000ead08b90}> (0x00000000ead08b90) 
thrown [s\src\hotspot\share\prims\jni.cpp, line 516]
Event: 43.604 Thread 0x00000208b588d630 Exception <a 'sun/nio/fs/WindowsException'{0x00000000ead0cbe0}> (0x00000000ead0cbe0) 
thrown [s\src\hotspot\share\prims\jni.cpp, line 516]
Event: 43.605 Thread 0x00000208b588d630 Exception <a 'sun/nio/fs/WindowsException'{0x00000000ead10308}> (0x00000000ead10308) 
thrown [s\src\hotspot\share\prims\jni.cpp, line 516]
Event: 43.605 Thread 0x00000208b588d630 Exception <a 'sun/nio/fs/WindowsException'{0x00000000ead13ad8}> (0x00000000ead13ad8) 
thrown [s\src\hotspot\share\prims\jni.cpp, line 516]
Event: 43.605 Thread 0x00000208b588d630 Exception <a 'sun/nio/fs/WindowsException'{0x00000000ead170d0}> (0x00000000ead170d0) 
thrown [s\src\hotspot\share\prims\jni.cpp, line 516]
Event: 43.605 Thread 0x00000208b588d630 Exception <a 'sun/nio/fs/WindowsException'{0x00000000ead1a9d0}> (0x00000000ead1a9d0) 
thrown [s\src\hotspot\share\prims\jni.cpp, line 516]
Event: 43.606 Thread 0x00000208b588d630 Exception <a 'sun/nio/fs/WindowsException'{0x00000000ead1e020}> (0x00000000ead1e020) 
thrown [s\src\hotspot\share\prims\jni.cpp, line 516]
Event: 43.606 Thread 0x00000208b588d630 Exception <a 'sun/nio/fs/WindowsException'{0x00000000ead22be0}> (0x00000000ead22be0) 
thrown [s\src\hotspot\share\prims\jni.cpp, line 516]
Event: 43.617 Thread 0x00000208b588d630 Exception <a 'sun/nio/fs/WindowsException'{0x00000000ead5d770}> (0x00000000ead5d770) 
thrown [s\src\hotspot\share\prims\jni.cpp, line 516]
Event: 43.617 Thread 0x00000208b588cc10 Exception <a 'java/lang/NoSuchMethodError'{0x00000000ead70fa8}: 'int java.lang.invoke.DirectMethodHandle$Holder.invokeVirtual(java.lang.Object, java.lang.Object)'> (0x00000000ead70fa8) 
thrown [s\src\hotspot\share\interpreter\linkResolver.cpp, line 759]
Event: 43.620 Thread 0x00000208b588d630 Exception <a 'sun/nio/fs/WindowsException'{0x00000000eadea878}> (0x00000000eadea878) 
thrown [s\src\hotspot\share\prims\jni.cpp, line 516]
Event: 43.654 Thread 0x00000208b7c43a10 Exception <a 'sun/nio/fs/WindowsException'{0x00000000eb2cfa18}> (0x00000000eb2cfa18) 
thrown [s\src\hotspot\share\prims\jni.cpp, line 516]

VM Operations (20 events):
Event: 36.013 Executing VM operation: ParallelGCFailedAllocation
Event: 36.015 Executing VM operation: ParallelGCFailedAllocation done
Event: 36.886 Executing VM operation: ParallelGCFailedAllocation
Event: 36.887 Executing VM operation: ParallelGCFailedAllocation done
Event: 37.770 Executing VM operation: ParallelGCFailedAllocation
Event: 37.771 Executing VM operation: ParallelGCFailedAllocation done
Event: 39.560 Executing VM operation: ParallelGCFailedAllocation
Event: 39.562 Executing VM operation: ParallelGCFailedAllocation done
Event: 40.565 Executing VM operation: ParallelGCFailedAllocation
Event: 40.566 Executing VM operation: ParallelGCFailedAllocation done
Event: 41.452 Executing VM operation: ParallelGCFailedAllocation
Event: 41.453 Executing VM operation: ParallelGCFailedAllocation done
Event: 42.188 Executing VM operation: ParallelGCFailedAllocation
Event: 42.188 Executing VM operation: ParallelGCFailedAllocation done
Event: 43.118 Executing VM operation: ParallelGCFailedAllocation
Event: 43.119 Executing VM operation: ParallelGCFailedAllocation done
Event: 43.178 Executing VM operation: HandshakeAllThreads
Event: 43.178 Executing VM operation: HandshakeAllThreads done
Event: 43.568 Executing VM operation: ParallelGCFailedAllocation
Event: 43.569 Executing VM operation: ParallelGCFailedAllocation done

Events (20 events):
Event: 11.629 loading class java/io/ObjectStreamClass$MemberSignature done
Event: 11.629 loading class java/io/ObjectStreamClass$3
Event: 11.629 loading class java/io/ObjectStreamClass$3 done
Event: 11.629 loading class java/io/ObjectStreamClass$4
Event: 11.629 loading class java/io/ObjectStreamClass$4 done
Event: 11.629 loading class java/io/ObjectStreamClass$5
Event: 11.629 loading class java/io/ObjectStreamClass$5 done
Event: 25.615 loading class java/time/Ser
Event: 25.615 loading class java/time/Ser done
Event: 27.054 loading class java/io/ObjectStreamClass$ExceptionInfo
Event: 27.054 loading class java/io/ObjectStreamClass$ExceptionInfo done
Event: 27.541 Thread 0x00000208ae55e2a0 flushing nmethod 0x00000208a5264b10
Event: 27.549 Thread 0x00000208ae55e2a0 flushing nmethod 0x000002089e065690
Event: 35.999 Thread 0x00000208b683caa0 Thread added: 0x00000208b683caa0
Event: 36.308 Thread 0x00000208b683caa0 Thread exited: 0x00000208b683caa0
Event: 37.067 loading class jdk/internal/misc/ScopedMemoryAccess$Scope$Handle
Event: 37.068 loading class jdk/internal/misc/ScopedMemoryAccess$Scope$Handle done
Event: 43.173 Thread 0x00000208b7c43f20 Thread exited: 0x00000208b7c43f20
Event: 43.176 Thread 0x00000208b7c420c0 Thread exited: 0x00000208b7c420c0
Event: 43.182 Thread 0x00000208b7c471c0 Thread exited: 0x00000208b7c471c0


Dynamic libraries:
0x00007ff68ecb0000 - 0x00007ff68ecbe000 	c:\Users\bayue\.vscode\extensions\redhat.java-1.28.1-win32-x64\jre\17.0.10-win32-x86_64\bin\java.exe
0x00007ffdbad10000 - 0x00007ffdbaf27000 	C:\WINDOWS\SYSTEM32\ntdll.dll
0x00007ffdba670000 - 0x00007ffdba734000 	C:\WINDOWS\System32\KERNEL32.DLL
0x00007ffdb8590000 - 0x00007ffdb8936000 	C:\WINDOWS\System32\KERNELBASE.dll
0x00007ffdb4d00000 - 0x00007ffdb4d97000 	C:\WINDOWS\SYSTEM32\apphelp.dll
0x00007ffdb8410000 - 0x00007ffdb8521000 	C:\WINDOWS\System32\ucrtbase.dll
0x00007ffda18f0000 - 0x00007ffda1907000 	c:\Users\bayue\.vscode\extensions\redhat.java-1.28.1-win32-x64\jre\17.0.10-win32-x86_64\bin\jli.dll
0x00007ffdb9690000 - 0x00007ffdb983e000 	C:\WINDOWS\System32\USER32.dll
0x00007ffdb8530000 - 0x00007ffdb8556000 	C:\WINDOWS\System32\win32u.dll
0x00007ffdba9a0000 - 0x00007ffdba9c9000 	C:\WINDOWS\System32\GDI32.dll
0x00007ffdb8940000 - 0x00007ffdb8a58000 	C:\WINDOWS\System32\gdi32full.dll
0x00007ffdb8200000 - 0x00007ffdb829a000 	C:\WINDOWS\System32\msvcp_win.dll
0x00007ffd99210000 - 0x00007ffd994a3000 	C:\WINDOWS\WinSxS\amd64_microsoft.windows.common-controls_6595b64144ccf1df_6.0.22621.2506_none_270c5ae97388e100\COMCTL32.dll
0x00007ffdba860000 - 0x00007ffdba907000 	C:\WINDOWS\System32\msvcrt.dll
0x00007ffda1770000 - 0x00007ffda178b000 	c:\Users\bayue\.vscode\extensions\redhat.java-1.28.1-win32-x64\jre\17.0.10-win32-x86_64\bin\VCRUNTIME140.dll
0x00007ffdba260000 - 0x00007ffdba291000 	C:\WINDOWS\System32\IMM32.DLL
0x00007ffdaaa90000 - 0x00007ffdaaa9c000 	c:\Users\bayue\.vscode\extensions\redhat.java-1.28.1-win32-x64\jre\17.0.10-win32-x86_64\bin\vcruntime140_1.dll
0x00007ffd7b960000 - 0x00007ffd7b9ed000 	c:\Users\bayue\.vscode\extensions\redhat.java-1.28.1-win32-x64\jre\17.0.10-win32-x86_64\bin\msvcp140.dll
0x00007ffd594f0000 - 0x00007ffd5a152000 	c:\Users\bayue\.vscode\extensions\redhat.java-1.28.1-win32-x64\jre\17.0.10-win32-x86_64\bin\server\jvm.dll
0x00007ffdbac10000 - 0x00007ffdbacc3000 	C:\WINDOWS\System32\ADVAPI32.dll
0x00007ffdba9e0000 - 0x00007ffdbaa88000 	C:\WINDOWS\System32\sechost.dll
0x00007ffdb8560000 - 0x00007ffdb8588000 	C:\WINDOWS\System32\bcrypt.dll
0x00007ffdbaa90000 - 0x00007ffdbaba7000 	C:\WINDOWS\System32\RPCRT4.dll
0x00007ffdb78f0000 - 0x00007ffdb793d000 	C:\WINDOWS\SYSTEM32\POWRPROF.dll
0x00007ffda0830000 - 0x00007ffda0839000 	C:\WINDOWS\SYSTEM32\WSOCK32.dll
0x00007ffdba580000 - 0x00007ffdba5f1000 	C:\WINDOWS\System32\WS2_32.dll
0x00007ffdabb40000 - 0x00007ffdabb74000 	C:\WINDOWS\SYSTEM32\WINMM.dll
0x00007ffdb1080000 - 0x00007ffdb108a000 	C:\WINDOWS\SYSTEM32\VERSION.dll
0x00007ffdb78d0000 - 0x00007ffdb78e3000 	C:\WINDOWS\SYSTEM32\UMPDC.dll
0x00007ffdb7040000 - 0x00007ffdb7058000 	C:\WINDOWS\SYSTEM32\kernel.appcore.dll
0x00007ffda1cd0000 - 0x00007ffda1cda000 	c:\Users\bayue\.vscode\extensions\redhat.java-1.28.1-win32-x64\jre\17.0.10-win32-x86_64\bin\jimage.dll
0x00007ffdb51a0000 - 0x00007ffdb53d3000 	C:\WINDOWS\SYSTEM32\DBGHELP.DLL
0x00007ffdb8e80000 - 0x00007ffdb9209000 	C:\WINDOWS\System32\combase.dll
0x00007ffdb8c00000 - 0x00007ffdb8cd7000 	C:\WINDOWS\System32\OLEAUT32.dll
0x00007ffd82a50000 - 0x00007ffd82a82000 	C:\WINDOWS\SYSTEM32\dbgcore.DLL
0x00007ffdb8110000 - 0x00007ffdb818a000 	C:\WINDOWS\System32\bcryptPrimitives.dll
0x00007ffda1490000 - 0x00007ffda149e000 	c:\Users\bayue\.vscode\extensions\redhat.java-1.28.1-win32-x64\jre\17.0.10-win32-x86_64\bin\instrument.dll
0x00007ffd7cca0000 - 0x00007ffd7ccc5000 	c:\Users\bayue\.vscode\extensions\redhat.java-1.28.1-win32-x64\jre\17.0.10-win32-x86_64\bin\java.dll
0x00007ffda0350000 - 0x00007ffda0368000 	c:\Users\bayue\.vscode\extensions\redhat.java-1.28.1-win32-x64\jre\17.0.10-win32-x86_64\bin\zip.dll
0x00007ffdb9990000 - 0x00007ffdba1ea000 	C:\WINDOWS\System32\SHELL32.dll
0x00007ffdb5f50000 - 0x00007ffdb6846000 	C:\WINDOWS\SYSTEM32\windows.storage.dll
0x00007ffdb5e10000 - 0x00007ffdb5f4e000 	C:\WINDOWS\SYSTEM32\wintypes.dll
0x00007ffdba760000 - 0x00007ffdba853000 	C:\WINDOWS\System32\SHCORE.dll
0x00007ffdbabb0000 - 0x00007ffdbac0e000 	C:\WINDOWS\System32\shlwapi.dll
0x00007ffdb7f80000 - 0x00007ffdb7fa6000 	C:\WINDOWS\SYSTEM32\profapi.dll
0x00007ffd9f180000 - 0x00007ffd9f199000 	C:\Users\bayue\.vscode\extensions\redhat.java-1.28.1-win32-x64\jre\17.0.10-win32-x86_64\bin\net.dll
0x00007ffdb1c80000 - 0x00007ffdb1db7000 	C:\WINDOWS\SYSTEM32\WINHTTP.dll
0x00007ffdb74b0000 - 0x00007ffdb7519000 	C:\WINDOWS\system32\mswsock.dll
0x00007ffd9efe0000 - 0x00007ffd9eff6000 	C:\Users\bayue\.vscode\extensions\redhat.java-1.28.1-win32-x64\jre\17.0.10-win32-x86_64\bin\nio.dll
0x00007ffda1480000 - 0x00007ffda1490000 	c:\Users\bayue\.vscode\extensions\redhat.java-1.28.1-win32-x64\jre\17.0.10-win32-x86_64\bin\verify.dll
0x00007ffd6f480000 - 0x00007ffd6f4be000 	C:\Users\bayue\AppData\Roaming\Code\User\globalStorage\redhat.java\1.28.1\config_win\org.eclipse.equinox.launcher\org.eclipse.equinox.launcher.win32.win32.x86_64_1.2.900.v20240129-1338\eclipse_11900.dll
0x00007ffdb8ce0000 - 0x00007ffdb8e80000 	C:\WINDOWS\System32\ole32.dll
0x00007ffdb7700000 - 0x00007ffdb771b000 	C:\WINDOWS\SYSTEM32\CRYPTSP.dll
0x00007ffdb6fa0000 - 0x00007ffdb6fd5000 	C:\WINDOWS\system32\rsaenh.dll
0x00007ffdb7560000 - 0x00007ffdb758c000 	C:\WINDOWS\SYSTEM32\USERENV.dll
0x00007ffdb76c0000 - 0x00007ffdb76cc000 	C:\WINDOWS\SYSTEM32\CRYPTBASE.dll
0x00007ffdb6ab0000 - 0x00007ffdb6add000 	C:\WINDOWS\SYSTEM32\IPHLPAPI.DLL
0x00007ffdba1f0000 - 0x00007ffdba1f9000 	C:\WINDOWS\System32\NSI.dll
0x00007ffdb18e0000 - 0x00007ffdb18f9000 	C:\WINDOWS\SYSTEM32\dhcpcsvc6.DLL
0x00007ffdb1610000 - 0x00007ffdb162f000 	C:\WINDOWS\SYSTEM32\dhcpcsvc.DLL
0x00007ffdb6b20000 - 0x00007ffdb6c19000 	C:\WINDOWS\SYSTEM32\DNSAPI.dll
0x00007ffd79310000 - 0x00007ffd79355000 	C:\Users\bayue\AppData\Local\Temp\jna-93514794\jna11387845173944343554.dll
0x00007ffdba910000 - 0x00007ffdba918000 	C:\WINDOWS\System32\PSAPI.DLL
0x00007ffd70590000 - 0x00007ffd705b7000 	C:\Users\bayue\.gradle\native\68d5fa5c4cc2d200863cafc0d521ce42e7d3e7ee720ec0a83991735586a16f82\windows-amd64\native-platform.dll
0x00007ffdb1540000 - 0x00007ffdb1549000 	C:\Users\bayue\.vscode\extensions\redhat.java-1.28.1-win32-x64\jre\17.0.10-win32-x86_64\bin\management.dll
0x00007ffda0140000 - 0x00007ffda014b000 	C:\Users\bayue\.vscode\extensions\redhat.java-1.28.1-win32-x64\jre\17.0.10-win32-x86_64\bin\management_ext.dll
0x00007ffd9f130000 - 0x00007ffd9f139000 	C:\Users\bayue\.vscode\extensions\redhat.java-1.28.1-win32-x64\jre\17.0.10-win32-x86_64\bin\extnet.dll
0x00007ffd9ef60000 - 0x00007ffd9ef6e000 	C:\Users\bayue\.vscode\extensions\redhat.java-1.28.1-win32-x64\jre\17.0.10-win32-x86_64\bin\sunmscapi.dll
0x00007ffdb82a0000 - 0x00007ffdb8406000 	C:\WINDOWS\System32\CRYPT32.dll
0x00007ffdb79e0000 - 0x00007ffdb7a0e000 	C:\WINDOWS\SYSTEM32\ncrypt.dll
0x00007ffdb79a0000 - 0x00007ffdb79d7000 	C:\WINDOWS\SYSTEM32\NTASN1.dll
0x00007ffd99590000 - 0x00007ffd99598000 	C:\WINDOWS\system32\wshunix.dll

dbghelp: loaded successfully - version: 4.0.5 - missing functions: none
symbol engine: initialized successfully - sym options: 0x614 - pdb path: .;c:\Users\bayue\.vscode\extensions\redhat.java-1.28.1-win32-x64\jre\17.0.10-win32-x86_64\bin;C:\WINDOWS\SYSTEM32;C:\WINDOWS\WinSxS\amd64_microsoft.windows.common-controls_6595b64144ccf1df_6.0.22621.2506_none_270c5ae97388e100;c:\Users\bayue\.vscode\extensions\redhat.java-1.28.1-win32-x64\jre\17.0.10-win32-x86_64\bin\server;C:\Users\bayue\AppData\Roaming\Code\User\globalStorage\redhat.java\1.28.1\config_win\org.eclipse.equinox.launcher\org.eclipse.equinox.launcher.win32.win32.x86_64_1.2.900.v20240129-1338;C:\Users\bayue\AppData\Local\Temp\jna-93514794;C:\Users\bayue\.gradle\native\68d5fa5c4cc2d200863cafc0d521ce42e7d3e7ee720ec0a83991735586a16f82\windows-amd64

VM Arguments:
jvm_args: --add-modules=ALL-SYSTEM --add-opens=java.base/java.util=ALL-UNNAMED --add-opens=java.base/java.lang=ALL-UNNAMED --add-opens=java.base/sun.nio.fs=ALL-UNNAMED -Declipse.application=org.eclipse.jdt.ls.core.id1 -Dosgi.bundles.defaultStartLevel=4 -Declipse.product=org.eclipse.jdt.ls.core.product -Djava.import.generatesMetadataFilesAtProjectRoot=false -DDetectVMInstallationsJob.disabled=true -Dfile.encoding=utf8 -XX:+UseParallelGC -XX:GCTimeRatio=4 -XX:AdaptiveSizePolicyWeight=90 -Dsun.zip.disableMemoryMapping=true -Xmx1G -Xms100m -Xlog:disable -javaagent:c:\Users\bayue\.vscode\extensions\redhat.java-1.28.1-win32-x64\lombok\lombok-1.18.31.jar -XX:+HeapDumpOnOutOfMemoryError -XX:HeapDumpPath=c:\Users\bayue\AppData\Roaming\Code\User\workspaceStorage\9b8ffb29b693dbc440553711cef8df64\redhat.java -Daether.dependencyCollector.impl=bf 
java_command: c:\Users\bayue\.vscode\extensions\redhat.java-1.28.1-win32-x64\server\plugins\org.eclipse.equinox.launcher_1.6.700.v20231214-2017.jar -configuration c:\Users\bayue\AppData\Roaming\Code\User\globalStorage\redhat.java\1.28.1\config_win -data c:\Users\bayue\AppData\Roaming\Code\User\workspaceStorage\9b8ffb29b693dbc440553711cef8df64\redhat.java\jdt_ws --stdio
java_class_path (initial): c:\Users\bayue\.vscode\extensions\redhat.java-1.28.1-win32-x64\server\plugins\org.eclipse.equinox.launcher_1.6.700.v20231214-2017.jar
Launcher Type: SUN_STANDARD

[Global flags]
    uintx AdaptiveSizePolicyWeight                 = 90                                        {product} {command line}
     intx CICompilerCount                          = 4                                         {product} {ergonomic}
    uintx GCTimeRatio                              = 4                                         {product} {command line}
     bool HeapDumpOnOutOfMemoryError               = true                                   {manageable} {command line}
    ccstr HeapDumpPath                             = c:\Users\bayue\AppData\Roaming\Code\User\workspaceStorage\9b8ffb29b693dbc440553711cef8df64\redhat.java         {manageable} {command line}
   size_t InitialHeapSize                          = 104857600                                 {product} {command line}
   size_t MaxHeapSize                              = 1073741824                                {product} {command line}
   size_t MaxNewSize                               = 357564416                                 {product} {ergonomic}
   size_t MinHeapDeltaBytes                        = 524288                                    {product} {ergonomic}
   size_t MinHeapSize                              = 104857600                                 {product} {command line}
   size_t NewSize                                  = 34603008                                  {product} {ergonomic}
    uintx NonNMethodCodeHeapSize                   = 5839372                                {pd product} {ergonomic}
    uintx NonProfiledCodeHeapSize                  = 122909434                              {pd product} {ergonomic}
   size_t OldSize                                  = 70254592                                  {product} {ergonomic}
    uintx ProfiledCodeHeapSize                     = 122909434                              {pd product} {ergonomic}
    uintx ReservedCodeCacheSize                    = 251658240                              {pd product} {ergonomic}
     bool SegmentedCodeCache                       = true                                      {product} {ergonomic}
   size_t SoftMaxHeapSize                          = 1073741824                             {manageable} {ergonomic}
     bool UseCompressedClassPointers               = true                           {product lp64_product} {ergonomic}
     bool UseCompressedOops                        = true                           {product lp64_product} {ergonomic}
     bool UseLargePagesIndividualAllocation        = false                                  {pd product} {ergonomic}
     bool UseParallelGC                            = true                                      {product} {command line}

Logging:
Log output configuration:
 #0: stdout all=off uptime,level,tags
 #1: stderr all=off uptime,level,tags

Environment Variables:
JAVA_HOME=C:\Program Files\Java\jdk-17
PATH=C:\Program Files\Common Files\Oracle\Java\javapath;C:\Program Files\Microsoft\jdk-11.0.18.10-hotspot\bin;C:\Python311\Scripts\;C:\Python311\;C:\WINDOWS\system32;C:\WINDOWS;C:\WINDOWS\System32\Wbem;C:\WINDOWS\System32\WindowsPowerShell\v1.0\;C:\WINDOWS\System32\OpenSSH\;C:\Program Files\dotnet\;C:\Program Files\Microsoft SQL Server\130\Tools\Binn\;C:\Program Files\Microsoft SQL Server\Client SDK\ODBC\170\Tools\Binn\;C:\Program Files (x86)\Microsoft SQL Server\150\Tools\Binn\;C:\Program Files\Microsoft SQL Server\150\Tools\Binn\;C:\Program Files (x86)\Microsoft SQL Server\150\DTS\Binn\;C:\Program Files\Microsoft SQL Server\150\DTS\Binn\;C:\Program Files\Azure Data Studio\bin;C:\Program Files (x86)\OPOS\Epson3\;C:\ProgramData\chocolatey\bin;C:\Program Files\OpenJDK\openjdk-11.0.14.1_1\bin;C:\Users\bayue\AppData\Local\Android\Sdk;C:\Users\bayue\AppData\Local\Android\Sdk\platform-tools;C:\Program Files (x86)\Microsoft SQL Server\110\DTS\Binn\;C:\Program Files (x86)\Microsoft SQL Server\120\DTS\Binn\;C:\Program Files (x86)\Microsoft SQL Server\130\DTS\Binn\;C:\Program Files (x86)\Microsoft SQL Server\140\DTS\Binn\;C:\Program Files\Git\cmd;C:\Program Files\nodejs\;C:\Users\bayue\AppData\Local\Android\Sdk\tools;C:\Users\bayue\AppData\Local\Microsoft\WindowsApps;C:\Users\bayue\.dotnet\tools;C:\Users\bayue\AppData\Local\Programs\Microsoft VS Code\bin;C:\Users\bayue\AppData\Local\GitHubDesktop\bin;C:\Users\bayue\AppData\Roaming\npm
USERNAME=bayue
OS=Windows_NT
PROCESSOR_IDENTIFIER=Intel64 Family 6 Model 140 Stepping 1, GenuineIntel
TMP=C:\Users\bayue\AppData\Local\Temp
TEMP=C:\Users\bayue\AppData\Local\Temp



Periodic native trim disabled


---------------  S Y S T E M  ---------------

OS:
 Windows 11 , 64 bit Build 22621 (10.0.22621.2506)
OS uptime: 36 days 2:14 hours
Hyper-V role detected

CPU: total 8 (initial active 8) (4 cores per cpu, 2 threads per core) family 6 model 140 stepping 1 microcode 0x9a, cx8, cmov, fxsr, ht, mmx, 3dnowpref, sse, sse2, sse3, ssse3, sse4.1, sse4.2, popcnt, lzcnt, tsc, tscinvbit, avx, avx2, aes, erms, clmul, bmi1, bmi2, adx, avx512f, avx512dq, avx512cd, avx512bw, avx512vl, sha, fma, vzeroupper, avx512_vpopcntdq, avx512_vpclmulqdq, avx512_vaes, avx512_vnni, clflush, clflushopt, clwb, avx512_vbmi2, avx512_vbmi, hv
Processor Information for all 8 processors :
  Max Mhz: 2803, Current Mhz: 2803, Mhz Limit: 2803

Memory: 4k page, system-wide physical 16167M (347M free)
TotalPageFile size 28167M (AvailPageFile size 12M)
current process WorkingSet (physical memory assigned to process): 575M, peak: 656M
current process commit charge ("private bytes"): 497M, peak: 584M

vm_info: OpenJDK 64-Bit Server VM (17.0.10+7) for windows-amd64 JRE (17.0.10+7), built on Jan 16 2024 23:25:11 by "admin" with MS VC++ 16.10 / 16.11 (VS2019)

END.
